============================= test session starts ==============================
platform darwin -- Python 3.10.13, pytest-9.1.1, pluggy-1.6.0
rootdir: /Users/89298/Documents/transcriptx
configfile: pytest.ini
testpaths: tests
plugins: html-4.1.1, xdist-3.8.0, mock-3.15.0, timeout-2.4.0, asyncio-1.4.0, metadata-3.1.1, cov-4.1.0, clarity-1.0.1, anyio-3.7.1, hypothesis-6.136.1, typeguard-4.4.4
timeout: 300.0s
timeout method: thread
timeout func_only: False
asyncio: mode=strict, debug=False, asyncio_default_fixture_loop_scope=None, asyncio_default_test_loop_scope=function
Playwright gui_e2e collected: 6 test(s) under tests/e2e_gui (default suite)
collected 8433 items / 181 deselected / 8252 selected

tests/analysis/interactions/test_analyzer.py ..                          [  0%]
tests/analysis/interactions/test_equity.py ...............               [  0%]
tests/analysis/interactions/test_events.py .                             [  0%]
tests/analysis/interactions/test_output.py .....                         [  0%]
tests/analysis/interactions/test_visualization_specs.py ............     [  0%]
tests/analysis/semantic_similarity/test_b14_acceptance_gaps.py ........  [  0%]
tests/analysis/semantic_similarity/test_b14_group_motifs.py .....        [  0%]
tests/analysis/semantic_similarity/test_candidates.py .                  [  0%]
tests/analysis/semantic_similarity/test_embedding.py .....               [  0%]
tests/analysis/semantic_similarity/test_intake.py ..                     [  0%]
tests/analysis/semantic_similarity/test_schema_version.py .........      [  0%]
tests/analysis/semantic_similarity/test_similarity.py .                  [  0%]
tests/analysis/semantic_similarity/test_visualization.py ..              [  0%]
tests/analysis/test_acts.py .....                                        [  0%]
tests/analysis/test_acts_config.py ..........                            [  1%]
tests/analysis/test_acts_ml_classifier_helpers.py .............          [  1%]
tests/analysis/test_acts_output_helpers.py ........                      [  1%]
tests/analysis/test_affect_tension_and_contracts.py .................... [  1%]
...                                                                      [  1%]
tests/analysis/test_affect_tension_module_flow.py .......                [  1%]
tests/analysis/test_affect_tension_output_helpers.py .............       [  1%]
tests/analysis/test_affective_label_helpers.py ....                      [  1%]
tests/analysis/test_base_module_interface.py ........                    [  1%]
tests/analysis/test_build_report_payload.py .......                      [  2%]
tests/analysis/test_charts_pdf_build.py ...                              [  2%]
tests/analysis/test_contagion.py ......                                  [  2%]
tests/analysis/test_conversation_loops.py ......                         [  2%]
tests/analysis/test_conversation_loops_analysis_module.py .              [  2%]
tests/analysis/test_conversation_loops_helpers.py ............           [  2%]
tests/analysis/test_conversation_type.py ......                          [  2%]
tests/analysis/test_dynamics_echoes_helpers.py .........                 [  2%]
tests/analysis/test_echoes.py .....                                      [  2%]
tests/analysis/test_emotion.py ......                                    [  2%]
tests/analysis/test_epistemic_markers_politeness.py ............         [  2%]
tests/analysis/test_exemplars.py ....                                    [  2%]
tests/analysis/test_exemplars_helpers.py ....                            [  2%]
tests/analysis/test_group_charts.py ..................................   [  3%]
tests/analysis/test_group_numeric_field_allowlists.py .....              [  3%]
tests/analysis/test_highlights.py ....                                   [  3%]
tests/analysis/test_highlights_post_process.py .....................     [  3%]
tests/analysis/test_highlights_summary_markdown.py ....                  [  3%]
tests/analysis/test_insight_eligibility.py .........                     [  3%]
tests/analysis/test_insight_eligibility_phrase_quality.py ....           [  3%]
tests/analysis/test_insights.py ....                                     [  3%]
tests/analysis/test_insights_noise_regression.py ...                     [  3%]
tests/analysis/test_interaction_graph_export.py .........                [  4%]
tests/analysis/test_interactions.py .....                                [  4%]
tests/analysis/test_key_themes_corpus_acceptance.py .                    [  4%]
tests/analysis/test_key_themes_helpers.py ......                         [  4%]
tests/analysis/test_keyphrases_b16.py ..............                     [  4%]
tests/analysis/test_keyphrases_group_b16.py ...                          [  4%]
tests/analysis/test_lexical_diversity.py .....                           [  4%]
tests/analysis/test_lexical_diversity_csv_helpers.py ....                [  4%]
tests/analysis/test_markdown_snapshots.py ...                            [  4%]
tests/analysis/test_ml_acts.py .......                                   [  4%]
tests/analysis/test_module_base.py ......................                [  4%]
tests/analysis/test_module_integration.py .......                        [  5%]
tests/analysis/test_moments.py ......                                    [  5%]
tests/analysis/test_momentum.py .                                        [  5%]
tests/analysis/test_overlay_series.py ....                               [  5%]
tests/analysis/test_pauses.py .                                          [  5%]
tests/analysis/test_phrase_quality.py ..........                         [  5%]
tests/analysis/test_phrase_quality_extended.py .........                 [  5%]
tests/analysis/test_qa_analysis.py ........................              [  5%]
tests/analysis/test_report_input_resolver.py ....................        [  5%]
tests/analysis/test_report_renderer.py ..............                    [  6%]
tests/analysis/test_rules.py .....                                       [  6%]
tests/analysis/test_sentiment.py ..........                              [  6%]
tests/analysis/test_shared_analysis_io_characterization.py ............. [  6%]
...........                                                              [  6%]
tests/analysis/test_simplified_transcript_simplify.py .........          [  6%]
tests/analysis/test_stats.py ....                                        [  6%]
tests/analysis/test_stats_and_registry_expansion.py ....                 [  6%]
tests/analysis/test_stats_report.py .........                            [  6%]
tests/analysis/test_stats_report_snapshot.py .                           [  6%]
tests/analysis/test_stats_summary_legacy_html.py ...                     [  6%]
tests/analysis/test_stats_summary_surface.py .....                       [  6%]
tests/analysis/test_summary.py ..........                                [  7%]
tests/analysis/test_summary_module_resolve.py ....                       [  7%]
tests/analysis/test_tag_extraction.py .......                            [  7%]
tests/analysis/test_temporal_dynamics.py ................                [  7%]
tests/analysis/test_tics.py ........                                     [  7%]
tests/analysis/test_topic_visualization_unit.py .....                    [  7%]
tests/analysis/test_transcript_output.py ...                             [  7%]
tests/analysis/test_understandability.py ......                          [  7%]
tests/analysis/test_voice_mismatch_module.py ..                          [  7%]
tests/analysis/test_voice_modules_skip_paths.py .....                    [  7%]
tests/analysis/test_wordclouds.py .........                              [  7%]
tests/analysis/test_wordclouds_analysis_helpers.py .............         [  8%]
tests/analysis/test_wordclouds_evidence.py ..                            [  8%]
tests/analysis/test_wordclouds_frequencies.py .........                  [  8%]
tests/analysis/test_wordclouds_plotting.py ...                           [  8%]
tests/app/controllers/test_transcription_controller.py ..                [  8%]
tests/app/test_corrections_action_service.py ...                         [  8%]
tests/app/test_group_module_for_group_wiring.py ...                      [  8%]
tests/app/test_gui_surface_orchestration.py ...............              [  8%]
tests/app/test_library_controller.py ..                                  [  8%]
tests/app/test_merge_workflow.py .........................               [  8%]
tests/app/test_profile_controller_contracts.py ..........                [  8%]
tests/app/test_speaker_id_action_service.py .....                        [  9%]
tests/app/test_workflows.py ......................                       [  9%]
tests/app/test_workflows_unified_helpers.py ......                       [  9%]
tests/app/workflows/test_transcription.py .........                      [  9%]
tests/contracts/test_artifact_contracts.py ...                           [  9%]
tests/contracts/test_bertopic_optional_extra.py ..                       [  9%]
tests/contracts/test_chart_output_service_wiring.py ..                   [  9%]
tests/contracts/test_default_modules_uses_v2.py ..                       [  9%]
tests/contracts/test_emotion_contracts.py .                              [  9%]
tests/contracts/test_emotion_nrclex_compat_contracts.py ....             [  9%]
tests/contracts/test_manifest_contracts.py .                             [  9%]
tests/contracts/test_manifest_driven_run.py ..                           [  9%]
tests/contracts/test_module_registry_legacy_flag.py ..                   [  9%]
tests/contracts/test_ner_contracts.py .                                  [  9%]
tests/contracts/test_ner_map_artifacts_contracts.py ......               [  9%]
tests/contracts/test_observability_import_boundary.py .                  [  9%]
tests/contracts/test_output_naming.py .                                  [  9%]
tests/contracts/test_pipeline_layering_thinness.py ......                [  9%]
tests/contracts/test_playwright_container_contracts.py ....              [  9%]
tests/contracts/test_retired_public_ids_invariant.py ....                [  9%]
tests/contracts/test_run_results_and_manifest_contracts.py ...           [ 10%]
tests/contracts/test_semantic_v2_explicit_legacy_selection.py ..         [ 10%]
tests/contracts/test_semantic_v2_missing_torch.py .....                  [ 10%]
tests/contracts/test_semantic_v2_no_duplicate_default.py .               [ 10%]
tests/contracts/test_semantic_v2_no_legacy_v2_coexistence_default.py .   [ 10%]
tests/contracts/test_semantic_v2_outcome_envelope.py .                   [ 10%]
tests/contracts/test_semantic_v2_output_validation.py .                  [ 10%]
tests/contracts/test_speaker_exclusion.py ..                             [ 10%]
tests/contracts/test_speaker_profiles_avatars.py ...............         [ 10%]
tests/contracts/test_speaker_profiles_backfill_from_maps.py .....        [ 10%]
tests/contracts/test_speaker_profiles_ignored_gaps.py ..                 [ 10%]
tests/contracts/test_speaker_profiles_longitudinal.py .................. [ 10%]
.....                                                                    [ 10%]
tests/contracts/test_speaker_profiles_phase15.py .............           [ 10%]
tests/contracts/test_speaker_profiles_phase15_gaps.py ................   [ 11%]
tests/contracts/test_speaker_profiles_recovery.py ......                 [ 11%]
tests/contracts/test_speaker_profiles_resolver_discovery.py ........     [ 11%]
tests/contracts/test_speaker_profiles_service_ops.py .......             [ 11%]
tests/contracts/test_speaker_profiles_stage4_web.py ....                 [ 11%]
tests/contracts/test_speaker_profiles_stages_5_8.py .........            [ 11%]
tests/contracts/test_speaker_profiles_v1_contracts.py .................. [ 11%]
.......                                                                  [ 11%]
tests/contracts/test_speaker_profiles_voice_accept_query_evidence.py ..  [ 11%]
tests/contracts/test_speaker_profiles_voice_audit_fixes.py .......       [ 11%]
tests/contracts/test_speaker_profiles_voice_bootstrap.py ....            [ 11%]
tests/contracts/test_speaker_profiles_voice_chunked_crash.py .....       [ 11%]
tests/contracts/test_speaker_profiles_voice_completion.py ....           [ 12%]
tests/contracts/test_speaker_profiles_voice_eval_harness.py ....         [ 12%]
tests/contracts/test_speaker_profiles_voice_finalize.py ......           [ 12%]
tests/contracts/test_speaker_profiles_voice_operator.py ....             [ 12%]
tests/contracts/test_speaker_profiles_voice_persistence.py ....          [ 12%]
tests/contracts/test_speaker_profiles_voice_stage0.py ..............     [ 12%]
tests/contracts/test_speaker_profiles_voice_stage1.py ......             [ 12%]
tests/contracts/test_speaker_profiles_voice_stage2.py ...s.              [ 12%]
tests/contracts/test_speaker_profiles_voice_stage3.py ...                [ 12%]
tests/contracts/test_speaker_profiles_voice_stage4_5.py .....            [ 12%]
tests/contracts/test_speaker_profiles_voice_stage6.py .                  [ 12%]
tests/contracts/test_speaker_profiles_voice_stage8.py .....              [ 12%]
tests/contracts/test_speaker_profiles_voice_stage9_index.py ......       [ 12%]
tests/contracts/test_stale_surface_references.py ....................... [ 13%]
........................................................................ [ 13%]
........................................................................ [ 14%]
.......                                                                  [ 14%]
tests/contracts/test_topic_modeling_contracts.py ....                    [ 14%]
tests/contracts/test_transcript_quality_contract.py ..                   [ 14%]
tests/contracts/test_transcription_models_contract.py .......            [ 15%]
tests/contracts/test_unnamed_speaker_artifact_exclusion.py .......       [ 15%]
tests/contracts/test_weak_analysis_module_contracts.py ....              [ 15%]
tests/contracts/test_write_authority.py .                                [ 15%]
tests/core/analysis/chart_descriptions/test_coordinator_warnings.py .    [ 15%]
tests/core/analysis/chart_descriptions/test_core.py ..........           [ 15%]
tests/core/analysis/chart_descriptions/test_crash_points.py ...          [ 15%]
tests/core/analysis/chart_descriptions/test_export_html.py .             [ 15%]
tests/core/analysis/chart_descriptions/test_inventory_evidence_exclusion.py . [ 15%]
.                                                                        [ 15%]
tests/core/analysis/chart_descriptions/test_parse_description_json.py .. [ 15%]
.....                                                                    [ 15%]
tests/core/analysis/chart_descriptions/test_request_timeout.py ...       [ 15%]
tests/core/analysis/chart_descriptions/test_selection_reuse.py ..        [ 15%]
tests/core/analysis/group_charts/test_chart_helpers.py .....             [ 15%]
tests/core/analysis/group_charts/test_context_guards.py ..               [ 15%]
tests/core/analysis/group_charts/test_group_charts_recent_features.py .. [ 15%]
.............                                                            [ 15%]
tests/core/analysis/group_charts/test_interactions_charts.py ...         [ 15%]
tests/core/analysis/llm_custom_qa/test_activation_tripwires.py ......    [ 15%]
tests/core/analysis/llm_custom_qa/test_analyze_structured_helpers.py ... [ 15%]
..                                                                       [ 16%]
tests/core/analysis/llm_custom_qa/test_commit_sweep.py ...               [ 16%]
tests/core/analysis/llm_custom_qa/test_config_lock.py ..                 [ 16%]
tests/core/analysis/llm_custom_qa/test_contract.py ............          [ 16%]
tests/core/analysis/llm_custom_qa/test_expanded_coverage.py ............ [ 16%]
........                                                                 [ 16%]
tests/core/analysis/llm_custom_qa/test_plan_coverage.py .....            [ 16%]
tests/core/analysis/llm_custom_qa/test_reader_commit.py ...              [ 16%]
tests/core/analysis/llm_custom_qa/test_soft_grounding.py .               [ 16%]
tests/core/analysis/llm_custom_qa/test_stage0_contracts.py .........     [ 16%]
tests/core/analysis/llm_support/test_action_items_contract.py .......... [ 16%]
...............................                                          [ 17%]
tests/core/analysis/llm_support/test_action_items_e2e_b10.py .           [ 17%]
tests/core/analysis/llm_support/test_action_items_guidance.py .........  [ 17%]
tests/core/analysis/llm_support/test_action_items_render.py ....         [ 17%]
tests/core/analysis/llm_support/test_architecture.py ................... [ 17%]
..                                                                       [ 17%]
tests/core/analysis/llm_support/test_artifacts.py ..................     [ 17%]
tests/core/analysis/llm_support/test_filenames.py ............           [ 17%]
tests/core/analysis/llm_support/test_hashing.py .....                    [ 18%]
tests/core/analysis/llm_support/test_json_parse.py ..................    [ 18%]
tests/core/analysis/llm_support/test_model_guidance.py ................. [ 18%]
...                                                                      [ 18%]
tests/core/analysis/llm_support/test_narrative_contract.py ............. [ 18%]
......                                                                   [ 18%]
tests/core/analysis/llm_support/test_narrative_source.py ............... [ 18%]
...                                                                      [ 18%]
tests/core/analysis/llm_support/test_prompts.py .................        [ 19%]
tests/core/analysis/llm_support/test_provenance.py ..                    [ 19%]
tests/core/analysis/llm_support/test_runtime.py ........................ [ 19%]
....                                                                     [ 19%]
tests/core/analysis/llm_support/test_speakers.py ............            [ 19%]
tests/core/analysis/llm_support/test_text_cleanup.py .......             [ 19%]
tests/core/analysis/test_aggregation_registry_blob_aggs.py ............. [ 19%]
                                                                         [ 19%]
tests/core/analysis/test_aggregation_registry_branches.py .............. [ 20%]
..                                                                       [ 20%]
tests/core/analysis/test_aggregation_registry_row_aggs.py ......         [ 20%]
tests/core/analysis/test_aggregation_registry_topo.py ..                 [ 20%]
tests/core/analysis/test_bertopic_shaping_helpers.py ................... [ 20%]
....                                                                     [ 20%]
tests/core/analysis/test_common.py ..............................        [ 20%]
tests/core/analysis/test_contagion_detection.py .............            [ 20%]
tests/core/analysis/test_contagion_group_pooled.py ...                   [ 21%]
tests/core/analysis/test_group_aggregation_contracts.py .......          [ 21%]
tests/core/analysis/test_group_aggregation_schema.py .............       [ 21%]
tests/core/analysis/test_group_emotion_aggregation.py ......             [ 21%]
tests/core/analysis/test_group_insights_voice_edges.py ....              [ 21%]
tests/core/analysis/test_group_llm_aggregation_edges.py ................ [ 21%]
..                                                                       [ 21%]
tests/core/analysis/test_group_llm_synthesis.py ....................     [ 21%]
tests/core/analysis/test_group_llm_synthesis_adversarial.py ............ [ 21%]
.                                                                        [ 21%]
tests/core/analysis/test_group_module_aggregations.py ..........         [ 22%]
tests/core/analysis/test_group_module_support_contract.py .....          [ 22%]
tests/core/analysis/test_group_new_modules_deep.py ...........           [ 22%]
tests/core/analysis/test_group_pooled_wordclouds.py .........            [ 22%]
tests/core/analysis/test_insights_normalization.py .........             [ 22%]
tests/core/analysis/test_llm_action_items.py ............                [ 22%]
tests/core/analysis/test_llm_modules.py ................                 [ 22%]
tests/core/analysis/test_llm_speaker_summary.py ......                   [ 22%]
tests/core/analysis/test_llm_summary_intake.py .....                     [ 23%]
tests/core/analysis/test_narrative_summary_helpers.py .......            [ 23%]
tests/core/analysis/test_selection.py ................................   [ 23%]
tests/core/analysis/test_stats_group_aggregation.py .....                [ 23%]
tests/core/analysis/test_tics_group_aggregate_pooled.py ...              [ 23%]
tests/core/analysis/test_transcript_quality.py .................         [ 23%]
tests/core/analysis/test_wave2_lexicon_group_aggregate.py .....          [ 23%]
tests/core/analysis/test_wordclouds_group_aggregation.py .               [ 23%]
tests/core/analysis/voice/test_audio_io_resolve_contract.py ..           [ 23%]
tests/core/analysis/voice/test_prosody_dashboard.py ..                   [ 23%]
tests/core/analysis/voice/test_rhythm_metrics.py ....                    [ 23%]
tests/core/analysis/voice/test_voice_aggregate_utils.py ......           [ 24%]
tests/core/analysis/voice/test_voice_charts_core_outputs.py ..           [ 24%]
tests/core/analysis/voice/test_voice_deps.py ...                         [ 24%]
tests/core/analysis/voice/test_voice_extract_utils.py ....               [ 24%]
tests/core/analysis/voice/test_voice_features_module.py ...              [ 24%]
tests/core/analysis/voice/test_voice_features_utils.py ........          [ 24%]
tests/core/analysis/voice/test_voice_schema_cache_helpers.py .......     [ 24%]
tests/core/audio/test_audio_backup.py ...........                        [ 24%]
tests/core/audio/test_linked_transcripts.py ....                         [ 24%]
tests/core/audio/test_merge_profiles.py .............                    [ 24%]
tests/core/audio/test_preprocessing_assess.py ...                        [ 24%]
tests/core/audio/test_preprocessing_modes.py ......                      [ 24%]
tests/core/audio/test_serial_groups.py ................................. [ 25%]
........                                                                 [ 25%]
tests/core/audio/test_transcription_conversion.py ....                   [ 25%]
tests/core/config/test_activation_key_ownership_contract.py .            [ 25%]
tests/core/config/test_activation_write_guardrails.py .                  [ 25%]
tests/core/config/test_acts_config_integration.py ........               [ 25%]
tests/core/config/test_acts_pydantic_registry.py ......                  [ 25%]
tests/core/config/test_analysis_config_visibility.py ................... [ 25%]
..........                                                               [ 25%]
tests/core/config/test_coercion.py ...........................           [ 26%]
tests/core/config/test_config_models_import_ban.py ..                    [ 26%]
tests/core/config/test_config_precedence.py ...                          [ 26%]
tests/core/config/test_config_reset.py ..                                [ 26%]
tests/core/config/test_corrections_config_delegation.py ................ [ 26%]
........                                                                 [ 26%]
tests/core/config/test_dashboard_display_pydantic_registry.py ....       [ 26%]
tests/core/config/test_delegated_init_false_gate.py .................... [ 26%]
........................                                                 [ 27%]
tests/core/config/test_delegation_shape_snapshots.py .F                  [ 27%]
tests/core/config/test_display_config_verification.py .....              [ 27%]
tests/core/config/test_env_overrides_apply.py ........                   [ 27%]
tests/core/config/test_file_overrides_atomicity.py ...                   [ 27%]
tests/core/config/test_flat_analysis_pilot_ownership_map.py ..           [ 27%]
tests/core/config/test_flat_analysis_slice_delegation.py ..............  [ 27%]
tests/core/config/test_generate_pydantic_pilots_policy.py .....          [ 27%]
tests/core/config/test_gui_coercion_expansion.py ....                    [ 27%]
tests/core/config/test_gui_support_contracts.py .....                    [ 27%]
tests/core/config/test_gui_support_ordering_contracts.py ....            [ 27%]
tests/core/config/test_highlights_config_delegation.py .........         [ 27%]
tests/core/config/test_llm_action_items_config_delegation.py .........   [ 28%]
tests/core/config/test_llm_config_integration.py .........               [ 28%]
tests/core/config/test_llm_custom_qa_settings_migration.py ....          [ 28%]
tests/core/config/test_llm_effort_tier_models.py .....                   [ 28%]
tests/core/config/test_llm_pydantic_registry.py .....                    [ 28%]
tests/core/config/test_llm_settings_model.py ......                      [ 28%]
tests/core/config/test_llm_speaker_summary_config_delegation.py ........ [ 28%]
                                                                         [ 28%]
tests/core/config/test_llm_speaker_summary_config_integration.py ....... [ 28%]
....                                                                     [ 28%]
tests/core/config/test_llm_summary_config_delegation.py ........         [ 28%]
tests/core/config/test_llm_summary_config_integration.py ...........     [ 28%]
tests/core/config/test_mapping_store_delegation.py .........             [ 28%]
tests/core/config/test_metadata_config_integration.py .....              [ 28%]
tests/core/config/test_metadata_config_visibility.py ....                [ 29%]
tests/core/config/test_metadata_pydantic_registry.py ...                 [ 29%]
tests/core/config/test_nested_file_overrides_probe.py .................. [ 29%]
                                                                         [ 29%]
tests/core/config/test_nested_remaining_config_delegation.py ........... [ 29%]
........................................................................ [ 30%]
................                                                         [ 30%]
tests/core/config/test_pauses_config_delegation.py ...........           [ 30%]
tests/core/config/test_persistence.py ....                               [ 30%]
tests/core/config/test_profile_loading_unit.py ........                  [ 30%]
tests/core/config/test_profile_modules_config_integration.py ........... [ 30%]
.......                                                                  [ 30%]
tests/core/config/test_profile_target_adapter.py .........               [ 31%]
tests/core/config/test_pydantic_bridge_drift.py .........                [ 31%]
tests/core/config/test_pydantic_bridge_helpers.py ............           [ 31%]
tests/core/config/test_pydantic_pilot_parity.py ........................ [ 31%]
............................                                             [ 31%]
tests/core/config/test_pydantic_registry_converter.py .................  [ 32%]
tests/core/config/test_registry.py ..                                    [ 32%]
tests/core/config/test_registry_metadata_constraints.py ................ [ 32%]
........................................................................ [ 33%]
....................                                                     [ 33%]
tests/core/config/test_registry_ownership.py ........FF                  [ 33%]
tests/core/config/test_resolver_tempfile_build.py .....                  [ 33%]
tests/core/config/test_roundtrip.py .                                    [ 33%]
tests/core/config/test_selection_mode_apply_live.py ..                   [ 33%]
tests/core/config/test_semantic_v2_config_integration.py ........        [ 33%]
tests/core/config/test_semantic_v2_profile_roundtrip.py ..               [ 33%]
tests/core/config/test_semantic_v2_pydantic_registry.py ......           [ 33%]
tests/core/config/test_semantic_v2_pydantic_validation.py ............   [ 34%]
tests/core/config/test_semantic_v2_validation.py ...                     [ 34%]
tests/core/config/test_settings_file_load_pilots.py .................... [ 34%]
.......                                                                  [ 34%]
tests/core/config/test_settings_knobs_taxonomy_contracts.py ...          [ 34%]
tests/core/config/test_settings_persistence_contracts.py .......         [ 34%]
tests/core/config/test_settings_pilot_validation.py .................... [ 34%]
...................................................                      [ 35%]
tests/core/config/test_settings_resolution.py ..                         [ 35%]
tests/core/config/test_summary_config_delegation.py .............        [ 35%]
tests/core/config/test_system_workflow_delegation.py ................... [ 35%]
.............                                                            [ 36%]
tests/core/config/test_to_dict_curated_projection.py .......             [ 36%]
tests/core/config/test_validation.py .                                   [ 36%]
tests/core/config/test_validation_consolidation.py ..........            [ 36%]
tests/core/config/test_validation_fanout.py ....                         [ 36%]
tests/core/config/test_validation_helpers.py ........................... [ 36%]
                                                                         [ 36%]
tests/core/config/test_voice_config_delegation.py ...................... [ 36%]
....                                                                     [ 36%]
tests/core/corrections/test_apply_manual_and_words.py ....               [ 36%]
tests/core/corrections/test_corrections.py ....................          [ 37%]
tests/core/corrections/test_corrections_memory.py .....................  [ 37%]
tests/core/corrections/test_word_spans.py ......                         [ 37%]
tests/core/data_extraction/test_base_extractor.py ...................... [ 37%]
......................                                                   [ 38%]
tests/core/data_extraction/test_entity_extractor.py .....                [ 38%]
tests/core/data_extraction/test_interaction_extractor.py ....            [ 38%]
tests/core/data_extraction/test_performance_extractor.py ....            [ 38%]
tests/core/data_extraction/test_semantic_extractor.py ....               [ 38%]
tests/core/data_extraction/test_sentiment_extractor.py ...........       [ 38%]
tests/core/data_extraction/test_tic_extractor.py ....                    [ 38%]
tests/core/data_extraction/test_topic_extractor.py .....                 [ 38%]
tests/core/data_extraction/test_validation.py .......................... [ 38%]
.............................                                            [ 39%]
tests/core/domain/test_transcript_set_group.py ...                       [ 39%]
tests/core/integration/test_error_handler.py .....                       [ 39%]
tests/core/io/test_events_io.py ..                                       [ 39%]
tests/core/llm/test_llm_factory.py .......                               [ 39%]
tests/core/llm/test_ollama_client.py ................................... [ 39%]
.......                                                                  [ 39%]
tests/core/llm/test_ollama_live_helpers.py ....                          [ 39%]
tests/core/llm/test_prompting.py .....                                   [ 40%]
tests/core/models/test_events_models.py ..                               [ 40%]
tests/core/observability/test_run_performance.py .....................   [ 40%]
tests/core/observability/test_run_performance_exporter.py .........      [ 40%]
tests/core/output/test_group_output_service_metadata.py .                [ 40%]
tests/core/output/test_group_output_service_scaffold.py .....            [ 40%]
tests/core/output/test_group_row_writer.py ..                            [ 40%]
tests/core/output/test_group_row_writer_extended.py ...                  [ 40%]
tests/core/output/test_output_builder.py ....                            [ 40%]
tests/core/output/test_output_service.py ...............                 [ 40%]
tests/core/output/test_output_service_branches.py ...............        [ 40%]
tests/core/pipeline/test_chart_outcome.py ..                             [ 40%]
tests/core/pipeline/test_default_modules_audio_gating.py .               [ 40%]
tests/core/pipeline/test_module_registry_specs_contract.py ............. [ 41%]
                                                                         [ 41%]
tests/core/pipeline/test_module_registry_specs_snapshot.py F.            [ 41%]
tests/core/pipeline/test_optional_dep_outcomes.py ....                   [ 41%]
tests/core/pipeline/test_pipeline_context_branches.py ...........        [ 41%]
tests/core/pipeline/test_write_group_member_runs.py .                    [ 41%]
tests/core/services/test_group_service.py ....                           [ 41%]
tests/core/services/test_group_service_dedup.py ....                     [ 41%]
tests/core/store/test_corrections_session_store_unit.py ................ [ 41%]
........                                                                 [ 41%]
tests/core/store/test_group_manifest_store_extended.py ..                [ 41%]
tests/core/store/test_group_manifest_store_resolve.py ..                 [ 41%]
tests/core/store/test_sidecar_store.py ....                              [ 41%]
tests/core/store/test_transcript_store.py ......                         [ 41%]
tests/core/test_architecture_flow.py .....                               [ 41%]
tests/core/test_cache_config_allowlist.py ...                            [ 42%]
tests/core/test_config_provider_unit.py ..                               [ 42%]
tests/core/test_geo_utils_unit.py ..                                     [ 42%]
tests/core/test_group_key.py ....                                        [ 42%]
tests/core/test_group_output_utils.py ...                                [ 42%]
tests/core/test_group_resolver_unit.py .                                 [ 42%]
tests/core/test_imports.py .                                             [ 42%]
tests/core/test_pipeline_infrastructure.py ......                        [ 42%]
tests/core/test_segments_api.py ...                                      [ 42%]
tests/core/utils/config/test_env_key_registry.py ....................... [ 42%]
........................................................................ [ 43%]
..................................                                       [ 43%]
tests/core/utils/test_audio_availability_contract.py ..                  [ 43%]
tests/core/utils/test_chart_registry.py ...............................  [ 44%]
tests/core/utils/test_config.py ...................................      [ 44%]
tests/core/utils/test_config_dashboard.py ..                             [ 44%]
tests/core/utils/test_config_loading_contracts.py ........               [ 44%]
tests/core/utils/test_config_validation.py ....                          [ 44%]
tests/core/utils/test_config_validator_dashboard.py ...                  [ 44%]
tests/core/utils/test_config_validator_sections.py ...................   [ 45%]
tests/core/utils/test_downloads.py ....                                  [ 45%]
tests/core/utils/test_file_discovery.py ...                              [ 45%]
tests/core/utils/test_file_discovery_extra.py ..............             [ 45%]
tests/core/utils/test_file_lock.py ....................                  [ 45%]
tests/core/utils/test_file_rename.py .......................             [ 45%]
tests/core/utils/test_file_rename_candidates.py ....                     [ 45%]
tests/core/utils/test_file_rename_contracts.py .....................     [ 46%]
tests/core/utils/test_file_rename_import_contract.py ..                  [ 46%]
tests/core/utils/test_file_rename_unit.py ...................            [ 46%]
tests/core/utils/test_llm_config.py .................                    [ 46%]
tests/core/utils/test_logger.py ...............                          [ 46%]
tests/core/utils/test_nlp_utils.py ..............................        [ 47%]
tests/core/utils/test_output_builder.py ..........................       [ 47%]
tests/core/utils/test_output_validation.py ...........                   [ 47%]
tests/core/utils/test_path_resolution_core_unit.py ...................   [ 47%]
tests/core/utils/test_path_resolver.py .......                           [ 47%]
tests/core/utils/test_path_settings.py ............                      [ 48%]
tests/core/utils/test_paths.py ........................                  [ 48%]
tests/core/utils/test_paths_transcripts_helpers.py .....                 [ 48%]
tests/core/utils/test_processing_state.py .....................          [ 48%]
tests/core/utils/test_profile_manager_guardrails.py .................... [ 48%]
.                                                                        [ 48%]
tests/core/utils/test_rename_cli.py ...                                  [ 48%]
tests/core/utils/test_rename_finalize_and_layout.py .............        [ 49%]
tests/core/utils/test_rename_journal.py .....                            [ 49%]
tests/core/utils/test_rename_managed_contracts.py ................       [ 49%]
tests/core/utils/test_rename_phase_matrix.py ......................      [ 49%]
tests/core/utils/test_rename_processing_state.py ...                     [ 49%]
tests/core/utils/test_rename_public_import_contract.py ..                [ 49%]
tests/core/utils/test_rename_robustness.py ...................           [ 49%]
tests/core/utils/test_rename_transaction_unit.py .............           [ 50%]
tests/core/utils/test_run_lock_canonical.py ..                           [ 50%]
tests/core/utils/test_run_manifest_extended.py ..............            [ 50%]
tests/core/utils/test_run_writer_locks.py ..............                 [ 50%]
tests/core/utils/test_segment_duration.py ...                            [ 50%]
tests/core/utils/test_similarity.py ...............................      [ 50%]
tests/core/utils/test_slug_manager.py ..                                 [ 50%]
tests/core/utils/test_slug_manager_additional.py .....                   [ 50%]
tests/core/utils/test_smart_rename.py .................................  [ 51%]
tests/core/utils/test_speaker_disambiguation.py .............            [ 51%]
tests/core/utils/test_state_backup.py ........................           [ 51%]
tests/core/utils/test_state_management.py ...........                    [ 51%]
tests/core/utils/test_state_utils_repair.py .....                        [ 52%]
tests/core/utils/test_suggest_rename_base_name.py ......                 [ 52%]
tests/core/utils/test_system_config.py ......                            [ 52%]
tests/core/utils/test_system_env_overrides.py ..........                 [ 52%]
tests/core/utils/test_system_legacy_config.py ......                     [ 52%]
tests/core/utils/test_validation.py .................................... [ 52%]
...............................                                          [ 53%]
tests/core/viz/test_chart_outputs_integration.py .....                   [ 53%]
tests/core/viz/test_charts.py ..                                         [ 53%]
tests/core/viz/test_charts_helpers.py .......                            [ 53%]
tests/core/viz/test_mpl_contracts.py .............................       [ 53%]
tests/core/viz/test_mpl_empty_signal.py .........................        [ 53%]
tests/e2e_gui/test_charts_view.py s                                      [ 53%]
tests/e2e_gui/test_export_results.py s                                   [ 54%]
tests/e2e_gui/test_first_analysis.py s                                   [ 54%]
tests/e2e_gui/test_investigate_evidence.py s                             [ 54%]
tests/e2e_gui/test_local_ai_synthesis.py s                               [ 54%]
tests/e2e_gui/test_speaker_trust.py s                                    [ 54%]
tests/io/adapters/test_adapter_registry.py ..........                    [ 54%]
tests/io/adapters/test_fireflies_adapter.py ........                     [ 54%]
tests/io/adapters/test_generic_diarised_text_adapter.py ................ [ 54%]
                                                                         [ 54%]
tests/io/adapters/test_otter_adapter.py .......                          [ 54%]
tests/io/adapters/test_rev_adapter.py .......                            [ 54%]
tests/io/adapters/test_sembly_adapter.py ..................              [ 54%]
tests/io/adapters/test_srt_adapter.py .......                            [ 54%]
tests/io/adapters/test_vtt_adapter.py ..........                         [ 55%]
tests/io/adapters/test_whisperx_adapter.py .................             [ 55%]
tests/io/adapters/test_zoom_adapter.py ..........                        [ 55%]
tests/io/test_admit_and_register.py .........                            [ 55%]
tests/io/test_atomic_json.py ...........                                 [ 55%]
tests/io/test_canonical_transcript_validation.py ...                     [ 55%]
tests/io/test_file_io.py ..........................                      [ 55%]
tests/io/test_folder_import.py ..................                        [ 56%]
tests/io/test_import_core_pipeline.py ...                                [ 56%]
tests/io/test_import_core_registry.py ..                                 [ 56%]
tests/io/test_import_detection_matrix.py ..                              [ 56%]
tests/io/test_import_metadata_persist_unit.py ....                       [ 56%]
tests/io/test_import_metadata_sidecar.py ........                        [ 56%]
tests/io/test_import_orchestrator.py ..                                  [ 56%]
tests/io/test_import_surface.py .                                        [ 56%]
tests/io/test_managed_import_workflow.py ...............                 [ 56%]
tests/io/test_metadata_stats.py ..............                           [ 56%]
tests/io/test_originals_archive.py ...                                   [ 56%]
tests/io/test_speaker_map_inheritance.py ................                [ 57%]
tests/io/test_speaker_map_resolver.py ..........                         [ 57%]
tests/io/test_speaker_map_resolver_helpers.py ....                       [ 57%]
tests/io/test_speaker_mapping.py .......                                 [ 57%]
tests/io/test_speaker_mapping_core_additional.py ....                    [ 57%]
tests/io/test_srt_parser.py ..                                           [ 57%]
tests/io/test_srt_writer.py ...                                          [ 57%]
tests/io/test_tag_management.py .....................                    [ 57%]
tests/io/test_transcript_loader.py ...........................           [ 57%]
tests/io/test_transcript_loading_contract.py ......                      [ 58%]
tests/io/test_transcript_normalizer.py .................                 [ 58%]
tests/io/test_transcript_schema.py .....                                 [ 58%]
tests/io/test_transcript_service.py .....................                [ 58%]
tests/io/test_ui_helpers.py ..........................                   [ 58%]
tests/io/test_vtt_parser.py ......................                       [ 59%]
tests/io/test_vtt_writer.py ....                                         [ 59%]
tests/packaging/test_bertopic_boundary.py ..s                            [ 59%]
tests/packaging/test_extras_metadata.py .......                          [ 59%]
tests/pipeline/test_config_matrix.py .....                               [ 59%]
tests/pipeline/test_dag_executor_unit.py ........                        [ 59%]
tests/pipeline/test_dag_legacy_compat_unit.py .........                  [ 59%]
tests/pipeline/test_dag_pipeline.py .................................... [ 60%]
....................                                                     [ 60%]
tests/pipeline/test_dag_pipeline_engine.py ...........                   [ 60%]
tests/pipeline/test_dag_pipeline_execution_refactor.py ............      [ 60%]
tests/pipeline/test_dag_pipeline_factory.py ....                         [ 60%]
tests/pipeline/test_dag_pipeline_finalize_progress.py .....              [ 60%]
tests/pipeline/test_dag_pipeline_run_helpers.py ......                   [ 60%]
tests/pipeline/test_dag_planner_regression.py ...                        [ 60%]
tests/pipeline/test_group_member_module_execution.py ..                  [ 60%]
tests/pipeline/test_group_outcome_truth.py .............                 [ 60%]
tests/pipeline/test_group_run_performance.py .............               [ 61%]
tests/pipeline/test_group_speaker_normalizer_cross_session.py ...        [ 61%]
tests/pipeline/test_llm_adapter_errors.py ................               [ 61%]
tests/pipeline/test_llm_containment.py ..                                [ 61%]
tests/pipeline/test_llm_gating.py ....................                   [ 61%]
tests/pipeline/test_llm_partial_run.py ..                                [ 61%]
tests/pipeline/test_manifest_builder.py ..............                   [ 61%]
tests/pipeline/test_manifest_snapshot.py .                               [ 61%]
tests/pipeline/test_module_artifact_contracts.py ..                      [ 61%]
tests/pipeline/test_module_outcomes.py ..........                        [ 61%]
tests/pipeline/test_module_registry.py .................                 [ 62%]
tests/pipeline/test_module_timeout_continue.py .............             [ 62%]
tests/pipeline/test_output_reporter.py ........                          [ 62%]
tests/pipeline/test_pipeline.py .......                                  [ 62%]
tests/pipeline/test_pipeline_context.py .............................    [ 62%]
tests/pipeline/test_pipeline_context_builder.py .....                    [ 62%]
tests/pipeline/test_pipeline_file_adapters.py ..............             [ 63%]
tests/pipeline/test_pipeline_layering_contracts.py ..........            [ 63%]
tests/pipeline/test_pipeline_managed_transcript_gate.py ...              [ 63%]
tests/pipeline/test_pipeline_validation.py .......                       [ 63%]
tests/pipeline/test_pipeline_write_phases.py ......                      [ 63%]
tests/pipeline/test_preprocessing.py ..........                          [ 63%]
tests/pipeline/test_requirements_resolver.py ..                          [ 63%]
tests/pipeline/test_result_envelope.py .                                 [ 63%]
tests/pipeline/test_run_bootstrap_service.py ..........                  [ 63%]
tests/pipeline/test_run_configurator.py .....                            [ 63%]
tests/pipeline/test_run_lifecycle_harness.py .......                     [ 63%]
tests/pipeline/test_run_orchestrator_behavior_characterization.py ...... [ 63%]
.........                                                                [ 64%]
tests/pipeline/test_run_orchestrator_helpers.py ....                     [ 64%]
tests/pipeline/test_run_outcome_truth.py .....                           [ 64%]
tests/pipeline/test_run_persistence.py .......                           [ 64%]
tests/pipeline/test_run_workspace_service.py .....                       [ 64%]
tests/pipeline/test_speaker_normalizer.py ..                             [ 64%]
tests/pipeline/test_target_resolver.py ....                              [ 64%]
tests/pipeline/test_truth_path_guardrails.py .                           [ 64%]
tests/pipeline/test_workspace_cleanup.py .                               [ 64%]
tests/presentation/test_anchors.py ........                              [ 64%]
tests/presentation/test_intensity.py .....                               [ 64%]
tests/presentation/test_nothing_found.py .                               [ 64%]
tests/presentation/test_provenance.py ..                                 [ 64%]
tests/regression/test_analysis_only_invariants.py .........              [ 64%]
tests/regression/test_cli_exit_codes.py ...                              [ 64%]
tests/regression/test_module_imports.py .......                          [ 64%]
tests/regression/test_path_resolution_regressions.py ..............      [ 64%]
tests/regression/test_pipeline_determinism.py .....s.......              [ 65%]
tests/regression/test_state_file_compatibility.py ..............         [ 65%]
tests/regression/test_transcription_core_invariants.py .                 [ 65%]
tests/regression/test_workflow_mode_separation.py ....                   [ 65%]
tests/release/test_docs_scaffolds_0_9_5.py .......                       [ 65%]
tests/release/test_public_surfaces_0_9_7.py ......                       [ 65%]
tests/release/test_sphinx_release_fallback.py ..                         [ 65%]
tests/release/test_todays_archive_banner_hygiene.py ..                   [ 65%]
tests/release/test_wave0_release_hygiene.py ....                         [ 65%]
tests/scripts/test_audio_helpers.py ......                               [ 65%]
tests/scripts/test_whispermlx_missing.py ............................... [ 66%]
........                                                                 [ 66%]
tests/services/speaker_profiles/test_bulk_voice_ops.py .......           [ 66%]
tests/services/speaker_studio/test_clip_service.py ..................... [ 66%]
......                                                                   [ 66%]
tests/services/test_correction_service_facade_unit.py .....              [ 66%]
tests/services/test_corrections_service_additional.py ....               [ 66%]
tests/services/test_corrections_studio.py .....................          [ 66%]
tests/services/test_corrections_studio_candidate_invariants.py ....      [ 66%]
tests/services/test_corrections_studio_commit_batch.py .                 [ 66%]
tests/services/test_corrections_studio_commit_conflict_golden.py .       [ 67%]
tests/services/test_corrections_studio_controller.py ...                 [ 67%]
tests/services/test_corrections_studio_fuzzy_manifest.py ............... [ 67%]
.                                                                        [ 67%]
tests/services/test_corrections_studio_generation_llm_off_golden.py .    [ 67%]
tests/services/test_corrections_studio_hardening.py ...                  [ 67%]
tests/services/test_corrections_studio_inputs.py ...                     [ 67%]
tests/services/test_corrections_studio_integration.py .......            [ 67%]
tests/services/test_corrections_studio_legacy_replay_edges.py .......... [ 67%]
                                                                         [ 67%]
tests/services/test_corrections_studio_llm_contract.py ................. [ 67%]
.....                                                                    [ 67%]
tests/services/test_corrections_studio_llm_core.py ..................... [ 68%]
                                                                         [ 68%]
tests/services/test_corrections_studio_manifest_fingerprints.py ......   [ 68%]
tests/services/test_corrections_studio_occurrence_keys.py ....           [ 68%]
tests/services/test_corrections_studio_persistence_batch.py .....        [ 68%]
tests/services/test_corrections_studio_public_import_contract.py ..      [ 68%]
tests/services/test_corrections_studio_reconcile_expanded.py .....       [ 68%]
tests/services/test_corrections_studio_ui_helpers.py .........           [ 68%]
tests/services/test_directory_watcher.py ..................              [ 68%]
tests/services/test_mapping_service.py .....                             [ 68%]
tests/services/test_review_target.py ......                              [ 68%]
tests/services/test_segment_index.py .......                             [ 68%]
tests/services/test_speaker_studio_controller.py ......                  [ 68%]
tests/services/test_theme_b_manual_corrections.py ............           [ 69%]
tests/services/transcription/test_command_gen.py ........                [ 69%]
tests/services/transcription/test_env.py ..........                      [ 69%]
tests/services/transcription/test_redact.py ...                          [ 69%]
tests/services/transcription/test_registry.py .....                      [ 69%]
tests/services/transcription/test_stt_command_profiles.py .......        [ 69%]
tests/services/transcription/test_whispermlx_provider.py ............    [ 69%]
tests/services/transcription/test_whisperx_docker_provider.py ...        [ 69%]
tests/unit/test_affect_config_aliases.py ....                            [ 69%]
tests/unit/test_affect_family_contracts.py ................              [ 69%]
tests/unit/test_affect_family_hardening.py ............................. [ 70%]
...........                                                              [ 70%]
tests/unit/test_affect_family_release_matrix.py ........................ [ 70%]
........................................................................ [ 71%]
.........                                                                [ 71%]
tests/unit/test_affect_generational_store.py .....                       [ 71%]
tests/unit/test_affect_group_aggregation.py ...                          [ 71%]
tests/unit/test_affect_lexical_pipeline.py .......                       [ 71%]
tests/unit/test_affect_module_init.py ......                             [ 71%]
tests/unit/test_affect_producer_analyze_offline.py ..                    [ 71%]
tests/unit/test_affect_split_cache.py ........                           [ 72%]
tests/unit/test_aggregation_registry_more_blobs.py ........              [ 72%]
tests/unit/test_allow_unnamed_speakers_sentiment.py .                    [ 72%]
tests/unit/test_analysis_preset_offline.py ..                            [ 72%]
tests/unit/test_artifact_writer.py ......                                [ 72%]
tests/unit/test_audit_guardrails.py ....                                 [ 72%]
tests/unit/test_batch_llm_model_selection.py .                           [ 72%]
tests/unit/test_bertopic_fit_isolated.py .......                         [ 72%]
tests/unit/test_canonicalization.py .......                              [ 72%]
tests/unit/test_charts_filter_state.py ..........                        [ 72%]
tests/unit/test_config_raw_validation.py .........                       [ 72%]
tests/unit/test_corrections_cli_review_branches.py .......               [ 72%]
tests/unit/test_corrections_workflow_branches.py .........               [ 72%]
tests/unit/test_dag_gating_named_speakers.py ....                        [ 72%]
tests/unit/test_data_extraction_affect_extractor.py ......               [ 73%]
tests/unit/test_emotion_family_characterization.py ..................... [ 73%]
....                                                                     [ 73%]
tests/unit/test_emotion_family_classifier_inference.py ................. [ 73%]
.....                                                                    [ 73%]
tests/unit/test_emotion_family_extract_contracts.py ................     [ 73%]
tests/unit/test_emotion_family_speaker_charts.py ......                  [ 73%]
tests/unit/test_emotion_family_work_items.py ............                [ 73%]
tests/unit/test_entity_polarity_module.py ..........                     [ 74%]
tests/unit/test_export_zip_packaging.py .                                [ 74%]
tests/unit/test_fine_grained_emotion_projections.py ......               [ 74%]
tests/unit/test_group_analysis_helpers.py ..............                 [ 74%]
tests/unit/test_group_entity_polarity_agg.py .                           [ 74%]
tests/unit/test_group_named_entity_agg.py .                              [ 74%]
tests/unit/test_hf_safetensors.py ....                                   [ 74%]
tests/unit/test_hf_text_classification_local_safetensors.py .            [ 74%]
tests/unit/test_hf_text_classification_offline.py ..                     [ 74%]
tests/unit/test_hf_text_classification_profiles.py ...........           [ 74%]
tests/unit/test_high_leverage.py .................                       [ 74%]
tests/unit/test_lazy_imports.py ...........                              [ 74%]
tests/unit/test_lazy_imports_branches.py ...................             [ 75%]
tests/unit/test_lexicon_markers.py ........                              [ 75%]
tests/unit/test_llm_feedback.py ...............                          [ 75%]
tests/unit/test_llm_generational_store_parity.py ..                      [ 75%]
tests/unit/test_llm_model_selection.py ................................. [ 75%]
.....                                                                    [ 75%]
tests/unit/test_manifest_loader.py ...............................       [ 76%]
tests/unit/test_module_hashing.py .......                                [ 76%]
tests/unit/test_named_entity_module.py ...........                       [ 76%]
tests/unit/test_non_neutral_emotion_charts.py ................           [ 76%]
tests/unit/test_output_standards.py .................                    [ 76%]
tests/unit/test_output_structure_builder.py ..........                   [ 77%]
tests/unit/test_path_canonical.py ........                               [ 77%]
tests/unit/test_path_utils.py .....                                      [ 77%]
tests/unit/test_perf_instrumentation.py ........                         [ 77%]
tests/unit/test_progress_snapshot.py ..................................  [ 77%]
tests/unit/test_run_cleanup_results.py ....................              [ 77%]
tests/unit/test_run_controller.py ........                               [ 78%]
tests/unit/test_run_identity.py ..............                           [ 78%]
tests/unit/test_run_schema.py ..............                             [ 78%]
tests/unit/test_schema_epoch.py ...........                              [ 78%]
tests/unit/test_schema_epoch_forward_compat_097.py .                     [ 78%]
tests/unit/test_schema_epoch_remediation.py .....                        [ 78%]
tests/unit/test_speaker_gate.py .........................                [ 78%]
tests/unit/test_speaker_profile_interactions_pack.py .......             [ 78%]
tests/unit/test_speaker_profile_locations_pack.py ........               [ 79%]
tests/unit/test_speaker_profile_run_artifact_join.py ..                  [ 79%]
tests/unit/test_speaker_profile_sentiment_pack.py .......                [ 79%]
tests/unit/test_spread_analysis_module.py ..............                 [ 79%]
tests/unit/test_state_schema.py ...................................      [ 79%]
tests/unit/test_state_utils_queries.py ......                            [ 79%]
tests/unit/test_state_utils_validate_repair.py .....                     [ 79%]
tests/unit/test_thinking_model_selection.py .......                      [ 80%]
tests/unit/test_tm_utils_discourse.py .............                      [ 80%]
tests/unit/test_topic_shift_detector.py .............                    [ 80%]
tests/unit/test_topic_shift_enrichment.py ............                   [ 80%]
tests/unit/test_topic_shift_group_and_viewer.py ........                 [ 80%]
tests/unit/test_topic_shift_stage5.py ..........                         [ 80%]
tests/unit/test_transcript_helpers_high_leverage.py ............         [ 80%]
tests/unit/test_transcript_output_routing.py ...                         [ 80%]
tests/unit/test_utils_lexical_diversity.py .........                     [ 80%]
tests/unit/test_utils_understandability.py ...........                   [ 81%]
tests/unit/test_version_metadata.py ..                                   [ 81%]
tests/unit/test_voice_contours_helpers.py ....                           [ 81%]
tests/unit/test_voice_dashboard_helpers.py ......                        [ 81%]
tests/unit/test_voice_label_mismatch.py ...                              [ 81%]
tests/unit/test_wordclouds_group_helpers.py ....                         [ 81%]
tests/unit/test_workspace_backup.py .........                            [ 81%]
tests/utils/test_charts_export.py ..............                         [ 81%]
tests/utils/test_config.py .....                                         [ 81%]
tests/utils/test_error_handling.py ...............................       [ 82%]
tests/utils/test_export_chart_prep_and_meta.py .........                 [ 82%]
tests/utils/test_export_epub.py ................                         [ 82%]
tests/utils/test_export_grouping.py ..                                   [ 82%]
tests/utils/test_export_index.py ...............................         [ 82%]
tests/utils/test_export_markdown.py ......                               [ 82%]
tests/utils/test_export_paths.py .....                                   [ 82%]
tests/utils/test_export_summary_bodies.py ......                         [ 82%]
tests/utils/test_fuzz_invariants.py ..                                   [ 82%]
tests/utils/test_html_utils.py ...                                       [ 83%]
tests/utils/test_logging.py ...                                          [ 83%]
tests/utils/test_marker_contracts.py ...                                 [ 83%]
tests/utils/test_misc_utils_coverage.py ..                               [ 83%]
tests/utils/test_module_result.py ......                                 [ 83%]
tests/utils/test_processing_state_recovery.py ..                         [ 83%]
tests/utils/test_quarantine_enforcement.py .                             [ 83%]
tests/utils/test_quarantine_metadata.py .                                [ 83%]
tests/utils/test_run_manifest.py .                                       [ 83%]
tests/utils/test_run_report.py ..                                        [ 83%]
tests/utils/test_text_utils_coverage.py ............                     [ 83%]
tests/utils/test_validation.py .....                                     [ 83%]
tests/utils/test_validation_edge_transcripts.py .......                  [ 83%]
tests/web/blocks/test_availability.py .....                              [ 83%]
tests/web/blocks/test_composition_minimal_run.py ..                      [ 83%]
tests/web/blocks/test_data_preview.py ..                                 [ 83%]
tests/web/blocks/test_group_aware_insights.py .......                    [ 83%]
tests/web/blocks/test_group_content.py ......                            [ 83%]
tests/web/blocks/test_layout_picker.py ...                               [ 83%]
tests/web/blocks/test_llm_presentation.py .........................      [ 84%]
tests/web/blocks/test_loader.py ...                                      [ 84%]
tests/web/blocks/test_module_metrics.py ..                               [ 84%]
tests/web/blocks/test_overview_curated_helpers.py ...........            [ 84%]
tests/web/blocks/test_registry.py ....                                   [ 84%]
tests/web/blocks/test_subview_slice_filter.py ...                        [ 84%]
tests/web/config/test_semantic_v2_settings_registry.py ....              [ 84%]
tests/web/layouts/test_layout_store.py ....................              [ 84%]
tests/web/services/run_cleanup_adversarial/test_adversarial_fs.py ...... [ 84%]
                                                                         [ 84%]
tests/web/services/run_cleanup_adversarial/test_dir_fsync_outcomes.py .. [ 84%]
...                                                                      [ 84%]
tests/web/services/run_cleanup_characterisation/test_fault_points.py ... [ 84%]
.                                                                        [ 84%]
tests/web/services/run_cleanup_characterisation/test_goldens.py ...      [ 84%]
tests/web/services/run_cleanup_characterisation/test_newest_run_sort_key.py . [ 84%]
...                                                                      [ 85%]
tests/web/services/run_cleanup_characterisation/test_ordering.py .       [ 85%]
tests/web/services/run_cleanup_characterisation/test_plan_snapshots.py . [ 85%]
.                                                                        [ 85%]
tests/web/services/run_cleanup_characterisation/test_public_api.py ....  [ 85%]
tests/web/services/run_cleanup_characterisation/test_retry_and_pending.py . [ 85%]
.                                                                        [ 85%]
tests/web/services/run_cleanup_characterisation/test_side_effect_parity.py . [ 85%]
..                                                                       [ 85%]
tests/web/services/test_artifact_html_load_gate.py ...                   [ 85%]
tests/web/services/test_artifact_index.py .........                      [ 85%]
tests/web/services/test_artifact_service_group_edges.py .....            [ 85%]
tests/web/services/test_fingerprint_rename_stability.py ..               [ 85%]
tests/web/services/test_run_cleanup_acceptance.py .................      [ 85%]
tests/web/services/test_run_cleanup_bulk_depth.py ..............         [ 85%]
tests/web/services/test_run_cleanup_capacity.py .....                    [ 85%]
tests/web/services/test_run_cleanup_compare_session.py ..............    [ 86%]
tests/web/services/test_run_cleanup_discovery.py .............           [ 86%]
tests/web/services/test_run_cleanup_finalization.py ...                  [ 86%]
tests/web/services/test_run_cleanup_import_graph.py ..                   [ 86%]
tests/web/services/test_run_cleanup_journal.py ......................... [ 86%]
.......                                                                  [ 86%]
tests/web/services/test_run_cleanup_journal_ops.py .......               [ 86%]
tests/web/services/test_run_cleanup_journal_rmw_lock.py ...              [ 86%]
tests/web/services/test_run_cleanup_path_helpers.py ........             [ 86%]
tests/web/services/test_run_cleanup_physical_handles.py ..........       [ 86%]
tests/web/services/test_run_cleanup_recoverability.py .................. [ 87%]
...........                                                              [ 87%]
tests/web/services/test_run_cleanup_release_blockers.py ................ [ 87%]
......                                                                   [ 87%]
tests/web/services/test_run_cleanup_root_validator.py ....               [ 87%]
tests/web/services/test_run_cleanup_runtime.py ....                      [ 87%]
tests/web/services/test_run_cleanup_version_dispatch.py ...........      [ 87%]
tests/web/services/test_run_index_group_scope.py ..                      [ 87%]
tests/web/services/test_run_index_newest_key_characterization.py ....    [ 87%]
tests/web/services/test_run_performance_service.py .....                 [ 87%]
tests/web/services/test_subject_service_group.py ...                     [ 87%]
tests/web/test_about_expander_inventory.py ..                            [ 87%]
tests/web/test_action_links.py ...                                       [ 88%]
tests/web/test_action_menu_navigation.py ............................... [ 88%]
...                                                                      [ 88%]
tests/web/test_action_menus_core.py ..........................           [ 88%]
tests/web/test_analysis_presets_settings.py ........                     [ 88%]
tests/web/test_app_cold_import.py ..                                     [ 88%]
tests/web/test_app_imports.py .                                          [ 88%]
tests/web/test_app_init_defaults.py .                                    [ 88%]
tests/web/test_app_startup.py ...                                        [ 88%]
tests/web/test_artifacts_navigation.py ..........                        [ 89%]
tests/web/test_artifacts_page.py ...                                     [ 89%]
tests/web/test_batch_ops_page.py ...........                             [ 89%]
tests/web/test_cache_helpers.py ............                             [ 89%]
tests/web/test_chart_gallery_grouping.py ...........                     [ 89%]
tests/web/test_chart_gallery_view_model.py ..........                    [ 89%]
tests/web/test_chart_help.py ..............                              [ 89%]
tests/web/test_chart_llm_description.py .........                        [ 89%]
tests/web/test_charts_overview_selector.py ...                           [ 89%]
tests/web/test_charts_page_helpers.py ..........                         [ 90%]
tests/web/test_configuration_panel.py .............                      [ 90%]
tests/web/test_context_bar.py ..                                         [ 90%]
tests/web/test_context_format.py ..........                              [ 90%]
tests/web/test_context_readiness.py ...                                  [ 90%]
tests/web/test_corrections_bulk_generation.py ............               [ 90%]
tests/web/test_corrections_studio_pending_generate.py ......             [ 90%]
tests/web/test_corrections_studio_review.py ...                          [ 90%]
tests/web/test_dashboard_builder.py ....                                 [ 90%]
tests/web/test_deep_links.py ...                                         [ 90%]
tests/web/test_diagnostics_page.py ..                                    [ 90%]
tests/web/test_export_selection.py ..                                    [ 90%]
tests/web/test_export_service.py ......                                  [ 90%]
tests/web/test_file_service.py .........                                 [ 90%]
tests/web/test_group_member_charts.py ...                                [ 91%]
tests/web/test_group_service.py .....                                    [ 91%]
tests/web/test_groups_page.py .......                                    [ 91%]
tests/web/test_home_page.py ..............                               [ 91%]
tests/web/test_info_tooltip.py ......                                    [ 91%]
tests/web/test_insights_page.py ..                                       [ 91%]
tests/web/test_insights_presentation.py .........                        [ 91%]
tests/web/test_insights_presentation_renderers.py .........              [ 91%]
tests/web/test_insights_transcript_gui_expansion.py ............         [ 91%]
tests/web/test_interface_panel.py .......                                [ 91%]
tests/web/test_knobs_heavy_gui_contracts.py ...............              [ 92%]
tests/web/test_layout_editor.py ....                                     [ 92%]
tests/web/test_layout_width.py ....                                      [ 92%]
tests/web/test_library_audio_resolution_contract.py .                    [ 92%]
tests/web/test_library_page.py ......                                    [ 92%]
tests/web/test_llm_feedback_contracts.py .....                           [ 92%]
tests/web/test_module_registry.py ......                                 [ 92%]
tests/web/test_module_run_prompt.py ....                                 [ 92%]
tests/web/test_module_ui_groups.py ...........                           [ 92%]
tests/web/test_native_parity.py .                                        [ 92%]
tests/web/test_navigation_contracts.py ..............                    [ 92%]
tests/web/test_navigation_import_contract.py .                           [ 92%]
tests/web/test_option_formatters.py ........                             [ 92%]
tests/web/test_overview_page.py ...                                      [ 92%]
tests/web/test_overview_run_results.py ..                                [ 92%]
tests/web/test_page_shell_help.py ....                                   [ 92%]
tests/web/test_performance_page.py ..                                    [ 92%]
tests/web/test_profiles_page_contracts.py ....                           [ 93%]
tests/web/test_progress_panel_live_refresh.py ....                       [ 93%]
tests/web/test_progress_panel_transcription.py .                         [ 93%]
tests/web/test_rename_preview_clips.py ........                          [ 93%]
tests/web/test_rename_service.py ..........                              [ 93%]
tests/web/test_rename_transcript_page.py ........                        [ 93%]
tests/web/test_rename_ui_presence.py ...                                 [ 93%]
tests/web/test_resolve_speaker_names_from_db_session.py .                [ 93%]
tests/web/test_router.py .........                                       [ 93%]
tests/web/test_router_behavior.py ....                                   [ 93%]
tests/web/test_run_analysis_gui_contracts.py .....................       [ 93%]
tests/web/test_run_analysis_page.py ......................               [ 94%]
tests/web/test_run_health_presentation.py ......                         [ 94%]
tests/web/test_run_id_info.py ...                                        [ 94%]
tests/web/test_run_scoped_page.py ....                                   [ 94%]
tests/web/test_run_visibility_filters.py ...                             [ 94%]
tests/web/test_search_matching_helpers.py ...............                [ 94%]
tests/web/test_search_page.py ......                                     [ 94%]
tests/web/test_search_service.py ...                                     [ 94%]
tests/web/test_search_service_expanded.py ..................             [ 94%]
tests/web/test_serial_group_ui.py .........                              [ 94%]
tests/web/test_settings_config_helpers.py ...........                    [ 95%]
tests/web/test_settings_draft_state_contracts.py ............            [ 95%]
tests/web/test_settings_page.py ...                                      [ 95%]
tests/web/test_settings_profile_selector_contracts.py ...                [ 95%]
tests/web/test_shell_action_link_css.py .                                [ 95%]
tests/web/test_shell_no_empty_white_bars.py ..                           [ 95%]
tests/web/test_sidebar_hydration.py .............                        [ 95%]
tests/web/test_sidebar_nav_contract.py ...........                       [ 95%]
tests/web/test_sidebar_options.py .....                                  [ 95%]
tests/web/test_sidebar_state_contract.py .............                   [ 95%]
tests/web/test_sidebar_statistics.py ...                                 [ 95%]
tests/web/test_smart_rename_form_helpers.py ..                           [ 95%]
tests/web/test_speaker_accent.py ......                                  [ 95%]
tests/web/test_speaker_id_page.py ...................................... [ 96%]
................................                                         [ 96%]
tests/web/test_speakers_methodology_info.py ......                       [ 96%]
tests/web/test_speakers_page.py ......                                   [ 96%]
tests/web/test_state_unit.py ............                                [ 97%]
tests/web/test_statistics_service.py ........                            [ 97%]
tests/web/test_storage_cleanup_ui_contracts.py ..........                [ 97%]
tests/web/test_streamlit_watcher_noise.py ....                           [ 97%]
tests/web/test_subject_context.py ......                                 [ 97%]
tests/web/test_summary_extractors.py .......                             [ 97%]
tests/web/test_summary_extractors_new_modules.py ....                    [ 97%]
tests/web/test_summary_precedence.py ........                            [ 97%]
tests/web/test_summary_precedence_group.py ....                          [ 97%]
tests/web/test_summary_service.py .....                                  [ 97%]
tests/web/test_tools_page.py .............                               [ 97%]
tests/web/test_transcribe_audio_page.py .......                          [ 98%]
tests/web/test_transcript_context_resolver_edges.py ....                 [ 98%]
tests/web/test_transcript_page_refactor_contracts.py .........           [ 98%]
tests/web/test_transcript_page_segments_tooltip.py .                     [ 98%]
tests/web/test_transcript_page_speakers_tooltip.py ...                   [ 98%]
tests/web/test_transcript_view_state.py ..............                   [ 98%]
tests/web/test_transcript_viewer_corrections.py ..                       [ 98%]
tests/web/test_upload_transcript_page.py .........                       [ 98%]
tests/web/test_utils_backward_compatibility.py .......                   [ 98%]
tests/web/test_workspaces_theme_c.py ..............                      [ 98%]
tests/web/transcript_viewer/test_chapters.py .........                   [ 98%]
tests/web/transcript_viewer/test_downloads_view.py ...                   [ 98%]
tests/web/transcript_viewer/test_group_browser_view.py .                 [ 98%]
tests/web/transcript_viewer/test_highlight.py ....                       [ 98%]
tests/web/transcript_viewer/test_karaoke.py ..............               [ 99%]
tests/web/transcript_viewer/test_metadata_helpers.py ..                  [ 99%]
tests/web/transcript_viewer/test_modules_panel.py .                      [ 99%]
tests/web/transcript_viewer/test_modules_panel_view.py .                 [ 99%]
tests/web/transcript_viewer/test_playback_lifecycle.py .........         [ 99%]
tests/web/transcript_viewer/test_playback_targets.py ...........         [ 99%]
tests/web/transcript_viewer/test_preflight.py .                          [ 99%]
tests/web/transcript_viewer/test_preflight_view.py .                     [ 99%]
tests/web/transcript_viewer/test_segments_grouping.py ...                [ 99%]
tests/web/transcript_viewer/test_segments_timestamp.py ...               [ 99%]
tests/web/transcript_viewer/test_transcript_playback.py ................ [ 99%]
.....................                                                    [100%]

=================================== FAILURES ===================================
E   AssertionError: assert {'sentiment_w...emotion', ...} == {'active_acts...default', ...}
      
      Omitting 106 identical items, use -vv to show
      Left contains 1 more item:
      {'allow_unnamed_speakers': False}
      Use -v to get more diff
/Users/89298/Documents/transcriptx/tests/core/config/test_delegation_shape_snapshots.py:78: AssertionError: assert {'sentiment_w...emotion', ...} == {'active_acts...default', ...}
E   AssertionError: assert {'total_regis...unt': 54, ...} == {'baseline_ke...12, ...}, ...}
      
      Omitting 3 identical items, use -vv to show
      Differing items:
      {'pydantic_owned_keys': 721} != {'pydantic_owned_keys': 720}
      {'per_pilot_key_counts': {'semantic_similarity': 25, 'metadata': 4, 'dashboard_display': 3, 'llm': 14, ...}} != {'per_pilot_key_counts': {'acts': 21, 'affect_tension': 9, 'analysis_entity': 3, 'analysis_interaction': 12, ...}}
      {'pilot_count': 54} != {'pilot_count': 53}
      {'total_registry_keys': 737} != {'total_registry_keys': 736}
      Use -v to get more diff
/Users/89298/Documents/transcriptx/tests/core/config/test_registry_ownership.py:162: AssertionError: assert {'total_regis...unt': 54, ...} == {'baseline_ke...12, ...}, ...}
E   assert 54 == 53
/Users/89298/Documents/transcriptx/tests/core/config/test_registry_ownership.py:168: assert 54 == 53
E   AssertionError: assert {'module_orde...', ...}, ...}} == {'module_orde...', ...}, ...}}
      
      Omitting 1 identical items, use -vv to show
      Differing items:
      {'modules': {'acts': {'category': 'medium', 'dependencies': [], 'description': 'Dialogue Act Classification', 'determi...'dependencies': [], 'description': 'Emotion-associated vocabulary (NRC lexicon)', 'determinism_tier': 'T1', ...}, ...}} != {'modules': {'acts': {'category': 'medium', 'dependencies': [], 'description': 'Dialogue Act Classification', 'determi...[], 'description': 'Per-chart LLM narratives (finalize-phase; after all charts)', 'determinism_tier': 'T2', ...}, ...}}
      Use -v to get more diff
/Users/89298/Documents/transcriptx/tests/core/pipeline/test_module_registry_specs_snapshot.py:18: AssertionError: assert {'module_orde...', ...}, ...}} == {'module_orde...', ...}, ...}}
=============================== warnings summary ===============================
../../.pyenv/versions/3.10.13/lib/python3.10/site-packages/_hypothesis_pytestplugin.py:461
  /Users/89298/.pyenv/versions/3.10.13/lib/python3.10/site-packages/_hypothesis_pytestplugin.py:461: UserWarning: Skipping collection of '.hypothesis' directory - this usually means you've explicitly set the `norecursedirs` pytest config option, replacing rather than extending the default ignores.
    warnings.warn(

tests/contracts/test_topic_modeling_contracts.py::TestTopicModelingContracts::test_topic_modeling_empty_segments_output_contract
  /Users/89298/Documents/transcriptx/tests/contracts/test_topic_modeling_contracts.py:76: UserWarning:
  
  Topic modeling fell back to segment-level text because insight_eligibility windows were missing or empty; canonical runs should supply eligibility.

tests/contracts/test_topic_modeling_contracts.py::TestTopicModelingContracts::test_topic_modeling_insufficient_segments_output_contract
  /Users/89298/Documents/transcriptx/tests/contracts/test_topic_modeling_contracts.py:100: UserWarning:
  
  Topic modeling fell back to segment-level text because insight_eligibility windows were missing or empty; canonical runs should supply eligibility.

tests/contracts/test_topic_modeling_contracts.py::TestTopicModelingContracts::test_topic_modeling_success_output_contract
  /Users/89298/Documents/transcriptx/tests/contracts/test_topic_modeling_contracts.py:184: UserWarning:
  
  Topic modeling fell back to segment-level text because insight_eligibility windows were missing or empty; canonical runs should supply eligibility.

tests/contracts/test_topic_modeling_contracts.py::TestTopicModelingContracts::test_topic_modeling_dependency_error_contract
  /Users/89298/Documents/transcriptx/src/transcriptx/core/analysis/base.py:183: UserWarning:
  
  Topic modeling fell back to segment-level text because insight_eligibility windows were missing or empty; canonical runs should supply eligibility.

tests/core/analysis/llm_custom_qa/test_plan_coverage.py::test_normalize_property_dedupe_and_limits
  /Users/89298/.pyenv/versions/3.10.13/lib/python3.10/site-packages/hypothesis/internal/conjecture/providers.py:286: UserWarning:
  
  Module 'speechbrain.pretrained' was deprecated, redirecting to 'speechbrain.inference'. Please update your script. This is a change from SpeechBrain 1.0. See: https://github.com/speechbrain/speechbrain/releases/tag/v1.0.0

-- Docs: https://docs.pytest.org/en/stable/how-to/capture-warnings.html
=========================== short test summary info ============================
SKIPPED [1] tests/contracts/test_speaker_profiles_voice_stage2.py:62: speechbrain installed in this environment
SKIPPED [1] tests/e2e_gui/test_charts_view.py:12: Playwright Chromium unavailable: Target page, context or browser has been closed
Browser logs:

<launching> /Users/89298/Library/Caches/ms-playwright/chromium-1091/chrome-mac/Chromium.app/Contents/MacOS/Chromium --disable-field-trial-config --disable-background-networking --enable-features=NetworkService,NetworkServiceInProcess --disable-background-timer-throttling --disable-backgrounding-occluded-windows --disable-back-forward-cache --disable-breakpad --disable-client-side-phishing-detection --disable-component-extensions-with-background-pages --disable-component-update --no-default-browser-check --disable-default-apps --disable-dev-shm-usage --disable-extensions --disable-features=ImprovedCookieControls,LazyFrameLoading,GlobalMediaControls,DestroyProfileOnBrowserClose,MediaRouter,DialMediaRouteProvider,AcceptCHFrame,AutoExpandDetailsElement,CertificateTransparencyComponentUpdater,AvoidUnnecessaryBeforeUnloadCheckSync,Translate,HttpsUpgrades --allow-pre-commit-input --disable-hang-monitor --disable-ipc-flooding-protection --disable-popup-blocking --disable-prompt-on-repost --disable-renderer-backgrounding --force-color-profile=srgb --metrics-recording-only --no-first-run --enable-automation --password-store=basic --use-mock-keychain --no-service-autorun --export-tagged-pdf --disable-search-engine-choice-screen --enable-use-zoom-for-dsf=false --use-angle --headless --hide-scrollbars --mute-audio --blink-settings=primaryHoverType=2,availableHoverTypes=2,primaryPointerType=4,availablePointerTypes=4 --no-sandbox --user-data-dir=/var/folders/sy/pjg7ypqj2vz2xf0v12m1l2k9_22rhc/T/playwright_chromiumdev_profile-GUvwkp --remote-debugging-pipe --no-startup-window
<launched> pid=28652
SKIPPED [1] tests/e2e_gui/test_export_results.py:19: Playwright Chromium unavailable: Target page, context or browser has been closed
Browser logs:

<launching> /Users/89298/Library/Caches/ms-playwright/chromium-1091/chrome-mac/Chromium.app/Contents/MacOS/Chromium --disable-field-trial-config --disable-background-networking --enable-features=NetworkService,NetworkServiceInProcess --disable-background-timer-throttling --disable-backgrounding-occluded-windows --disable-back-forward-cache --disable-breakpad --disable-client-side-phishing-detection --disable-component-extensions-with-background-pages --disable-component-update --no-default-browser-check --disable-default-apps --disable-dev-shm-usage --disable-extensions --disable-features=ImprovedCookieControls,LazyFrameLoading,GlobalMediaControls,DestroyProfileOnBrowserClose,MediaRouter,DialMediaRouteProvider,AcceptCHFrame,AutoExpandDetailsElement,CertificateTransparencyComponentUpdater,AvoidUnnecessaryBeforeUnloadCheckSync,Translate,HttpsUpgrades --allow-pre-commit-input --disable-hang-monitor --disable-ipc-flooding-protection --disable-popup-blocking --disable-prompt-on-repost --disable-renderer-backgrounding --force-color-profile=srgb --metrics-recording-only --no-first-run --enable-automation --password-store=basic --use-mock-keychain --no-service-autorun --export-tagged-pdf --disable-search-engine-choice-screen --enable-use-zoom-for-dsf=false --use-angle --headless --hide-scrollbars --mute-audio --blink-settings=primaryHoverType=2,availableHoverTypes=2,primaryPointerType=4,availablePointerTypes=4 --no-sandbox --user-data-dir=/var/folders/sy/pjg7ypqj2vz2xf0v12m1l2k9_22rhc/T/playwright_chromiumdev_profile-suU3sg --remote-debugging-pipe --no-startup-window
<launched> pid=28702
SKIPPED [1] tests/e2e_gui/test_first_analysis.py:25: Playwright Chromium unavailable: Target page, context or browser has been closed
Browser logs:

<launching> /Users/89298/Library/Caches/ms-playwright/chromium-1091/chrome-mac/Chromium.app/Contents/MacOS/Chromium --disable-field-trial-config --disable-background-networking --enable-features=NetworkService,NetworkServiceInProcess --disable-background-timer-throttling --disable-backgrounding-occluded-windows --disable-back-forward-cache --disable-breakpad --disable-client-side-phishing-detection --disable-component-extensions-with-background-pages --disable-component-update --no-default-browser-check --disable-default-apps --disable-dev-shm-usage --disable-extensions --disable-features=ImprovedCookieControls,LazyFrameLoading,GlobalMediaControls,DestroyProfileOnBrowserClose,MediaRouter,DialMediaRouteProvider,AcceptCHFrame,AutoExpandDetailsElement,CertificateTransparencyComponentUpdater,AvoidUnnecessaryBeforeUnloadCheckSync,Translate,HttpsUpgrades --allow-pre-commit-input --disable-hang-monitor --disable-ipc-flooding-protection --disable-popup-blocking --disable-prompt-on-repost --disable-renderer-backgrounding --force-color-profile=srgb --metrics-recording-only --no-first-run --enable-automation --password-store=basic --use-mock-keychain --no-service-autorun --export-tagged-pdf --disable-search-engine-choice-screen --enable-use-zoom-for-dsf=false --use-angle --headless --hide-scrollbars --mute-audio --blink-settings=primaryHoverType=2,availableHoverTypes=2,primaryPointerType=4,availablePointerTypes=4 --no-sandbox --user-data-dir=/var/folders/sy/pjg7ypqj2vz2xf0v12m1l2k9_22rhc/T/playwright_chromiumdev_profile-orHxyv --remote-debugging-pipe --no-startup-window
<launched> pid=28749
SKIPPED [1] tests/e2e_gui/test_investigate_evidence.py:20: Playwright Chromium unavailable: Target page, context or browser has been closed
Browser logs:

<launching> /Users/89298/Library/Caches/ms-playwright/chromium-1091/chrome-mac/Chromium.app/Contents/MacOS/Chromium --disable-field-trial-config --disable-background-networking --enable-features=NetworkService,NetworkServiceInProcess --disable-background-timer-throttling --disable-backgrounding-occluded-windows --disable-back-forward-cache --disable-breakpad --disable-client-side-phishing-detection --disable-component-extensions-with-background-pages --disable-component-update --no-default-browser-check --disable-default-apps --disable-dev-shm-usage --disable-extensions --disable-features=ImprovedCookieControls,LazyFrameLoading,GlobalMediaControls,DestroyProfileOnBrowserClose,MediaRouter,DialMediaRouteProvider,AcceptCHFrame,AutoExpandDetailsElement,CertificateTransparencyComponentUpdater,AvoidUnnecessaryBeforeUnloadCheckSync,Translate,HttpsUpgrades --allow-pre-commit-input --disable-hang-monitor --disable-ipc-flooding-protection --disable-popup-blocking --disable-prompt-on-repost --disable-renderer-backgrounding --force-color-profile=srgb --metrics-recording-only --no-first-run --enable-automation --password-store=basic --use-mock-keychain --no-service-autorun --export-tagged-pdf --disable-search-engine-choice-screen --enable-use-zoom-for-dsf=false --use-angle --headless --hide-scrollbars --mute-audio --blink-settings=primaryHoverType=2,availableHoverTypes=2,primaryPointerType=4,availablePointerTypes=4 --no-sandbox --user-data-dir=/var/folders/sy/pjg7ypqj2vz2xf0v12m1l2k9_22rhc/T/playwright_chromiumdev_profile-8n5yWX --remote-debugging-pipe --no-startup-window
<launched> pid=28797
SKIPPED [1] tests/e2e_gui/test_local_ai_synthesis.py:18: Playwright Chromium unavailable: Target page, context or browser has been closed
Browser logs:

<launching> /Users/89298/Library/Caches/ms-playwright/chromium-1091/chrome-mac/Chromium.app/Contents/MacOS/Chromium --disable-field-trial-config --disable-background-networking --enable-features=NetworkService,NetworkServiceInProcess --disable-background-timer-throttling --disable-backgrounding-occluded-windows --disable-back-forward-cache --disable-breakpad --disable-client-side-phishing-detection --disable-component-extensions-with-background-pages --disable-component-update --no-default-browser-check --disable-default-apps --disable-dev-shm-usage --disable-extensions --disable-features=ImprovedCookieControls,LazyFrameLoading,GlobalMediaControls,DestroyProfileOnBrowserClose,MediaRouter,DialMediaRouteProvider,AcceptCHFrame,AutoExpandDetailsElement,CertificateTransparencyComponentUpdater,AvoidUnnecessaryBeforeUnloadCheckSync,Translate,HttpsUpgrades --allow-pre-commit-input --disable-hang-monitor --disable-ipc-flooding-protection --disable-popup-blocking --disable-prompt-on-repost --disable-renderer-backgrounding --force-color-profile=srgb --metrics-recording-only --no-first-run --enable-automation --password-store=basic --use-mock-keychain --no-service-autorun --export-tagged-pdf --disable-search-engine-choice-screen --enable-use-zoom-for-dsf=false --use-angle --headless --hide-scrollbars --mute-audio --blink-settings=primaryHoverType=2,availableHoverTypes=2,primaryPointerType=4,availablePointerTypes=4 --no-sandbox --user-data-dir=/var/folders/sy/pjg7ypqj2vz2xf0v12m1l2k9_22rhc/T/playwright_chromiumdev_profile-yzIgA0 --remote-debugging-pipe --no-startup-window
<launched> pid=28845
SKIPPED [1] tests/e2e_gui/test_speaker_trust.py:22: Playwright Chromium unavailable: Target page, context or browser has been closed
Browser logs:

<launching> /Users/89298/Library/Caches/ms-playwright/chromium-1091/chrome-mac/Chromium.app/Contents/MacOS/Chromium --disable-field-trial-config --disable-background-networking --enable-features=NetworkService,NetworkServiceInProcess --disable-background-timer-throttling --disable-backgrounding-occluded-windows --disable-back-forward-cache --disable-breakpad --disable-client-side-phishing-detection --disable-component-extensions-with-background-pages --disable-component-update --no-default-browser-check --disable-default-apps --disable-dev-shm-usage --disable-extensions --disable-features=ImprovedCookieControls,LazyFrameLoading,GlobalMediaControls,DestroyProfileOnBrowserClose,MediaRouter,DialMediaRouteProvider,AcceptCHFrame,AutoExpandDetailsElement,CertificateTransparencyComponentUpdater,AvoidUnnecessaryBeforeUnloadCheckSync,Translate,HttpsUpgrades --allow-pre-commit-input --disable-hang-monitor --disable-ipc-flooding-protection --disable-popup-blocking --disable-prompt-on-repost --disable-renderer-backgrounding --force-color-profile=srgb --metrics-recording-only --no-first-run --enable-automation --password-store=basic --use-mock-keychain --no-service-autorun --export-tagged-pdf --disable-search-engine-choice-screen --enable-use-zoom-for-dsf=false --use-angle --headless --hide-scrollbars --mute-audio --blink-settings=primaryHoverType=2,availableHoverTypes=2,primaryPointerType=4,availablePointerTypes=4 --no-sandbox --user-data-dir=/var/folders/sy/pjg7ypqj2vz2xf0v12m1l2k9_22rhc/T/playwright_chromiumdev_profile-fkE11G --remote-debugging-pipe --no-startup-window
<launched> pid=28891
[pid=28891] <process did exit: exitCode=null, signal=SIGTRAP>
[pid=28891] starting temporary directories cleanup
SKIPPED [1] tests/packaging/test_bertopic_boundary.py:60: bertopic extra installed in this environment
SKIPPED [1] tests/regression/test_pipeline_determinism.py:303: Requires full pipeline setup with transcript file
FAILED tests/core/config/test_delegation_shape_snapshots.py::test_pre_delegation_analysis_shape_matches_fixture
FAILED tests/core/config/test_registry_ownership.py::test_ownership_snapshot_matches_committed_fixture
FAILED tests/core/config/test_registry_ownership.py::test_ownership_invariant_counts
FAILED tests/core/pipeline/test_module_registry_specs_snapshot.py::test_build_module_definitions_matches_snapshot
= 4 failed, 8239 passed, 9 skipped, 181 deselected, 6 warnings in 303.14s (0:05:03) =
