/opt/venv/lib/python3.10/site-packages/spacy/cli/_util.py:23: DeprecationWarning: Importing 'parser.split_arg_string' is deprecated, it will only be available in 'shell_completion' in Click 9.0.
  from click.parser import split_arg_string
============================= test session starts ==============================
platform linux -- Python 3.10.20, pytest-7.4.0, pluggy-1.6.0
rootdir: /workspace
configfile: pytest.ini
testpaths: tests
plugins: cov-4.1.0, anyio-4.14.2, timeout-2.4.0, hypothesis-6.165.2
timeout: 300.0s
timeout method: thread
timeout func_only: False
collected 8001 items / 178 deselected / 7823 selected

tests/analysis/test_acts.py .....                                        [  0%]
tests/analysis/test_acts_config.py ..........                            [  0%]
tests/analysis/test_acts_ml_classifier_helpers.py .............          [  0%]
tests/analysis/test_acts_output_helpers.py ........                      [  0%]
tests/analysis/test_affect_tension_and_contracts.py .................... [  0%]
...                                                                      [  0%]
tests/analysis/test_affect_tension_module_flow.py .......                [  0%]
tests/analysis/test_affect_tension_output_helpers.py .............       [  1%]
tests/analysis/test_affective_label_helpers.py ....                      [  1%]
tests/analysis/test_base_module_interface.py ........                    [  1%]
tests/analysis/test_build_report_payload.py .......                      [  1%]
tests/analysis/test_charts_pdf_build.py ...                              [  1%]
tests/analysis/test_contagion.py ......                                  [  1%]
tests/analysis/test_conversation_loops.py ......                         [  1%]
tests/analysis/test_conversation_loops_analysis_module.py .              [  1%]
tests/analysis/test_conversation_loops_helpers.py ............           [  1%]
tests/analysis/test_conversation_type.py ......                          [  1%]
tests/analysis/test_dynamics_echoes_helpers.py .........                 [  1%]
tests/analysis/test_echoes.py .....                                      [  1%]
tests/analysis/test_emotion.py FFFF.F                                    [  1%]
tests/analysis/test_epistemic_markers_politeness.py ............         [  2%]
tests/analysis/test_exemplars.py ....                                    [  2%]
tests/analysis/test_exemplars_helpers.py ....                            [  2%]
tests/analysis/test_group_charts.py ..................................   [  2%]
tests/analysis/test_group_numeric_field_allowlists.py .....              [  2%]
tests/analysis/test_highlights.py ....                                   [  2%]
tests/analysis/test_highlights_post_process.py .....................     [  3%]
tests/analysis/test_highlights_summary_markdown.py ....                  [  3%]
tests/analysis/test_insight_eligibility.py .........                     [  3%]
tests/analysis/test_insight_eligibility_phrase_quality.py ....           [  3%]
tests/analysis/test_insights.py ..                                       [  3%]
tests/analysis/test_interaction_graph_export.py .........                [  3%]
tests/analysis/test_interactions.py .....                                [  3%]
tests/analysis/test_key_themes_corpus_acceptance.py .                    [  3%]
tests/analysis/test_key_themes_helpers.py ......                         [  3%]
tests/analysis/test_keyphrases_b16.py ..............                     [  3%]
tests/analysis/test_keyphrases_group_b16.py ...                          [  3%]
tests/analysis/test_lexical_diversity.py .....                           [  3%]
tests/analysis/test_lexical_diversity_csv_helpers.py ....                [  3%]
tests/analysis/test_markdown_snapshots.py ...                            [  3%]
tests/analysis/test_ml_acts.py .......                                   [  3%]
tests/analysis/test_module_base.py ......................                [  4%]
tests/analysis/test_module_integration.py .......                        [  4%]
tests/analysis/test_moments.py ......                                    [  4%]
tests/analysis/test_momentum.py .                                        [  4%]
tests/analysis/test_overlay_series.py ....                               [  4%]
tests/analysis/test_pauses.py .                                          [  4%]
tests/analysis/test_phrase_quality.py ..........                         [  4%]
tests/analysis/test_phrase_quality_extended.py .........                 [  4%]
tests/analysis/test_qa_analysis.py ........................              [  5%]
tests/analysis/test_report_input_resolver.py ....................        [  5%]
tests/analysis/test_report_renderer.py ..............                    [  5%]
tests/analysis/test_rules.py .....                                       [  5%]
tests/analysis/test_sentiment.py ..........                              [  5%]
tests/analysis/test_shared_analysis_io_characterization.py ............. [  5%]
...........                                                              [  5%]
tests/analysis/test_simplified_transcript_simplify.py .........          [  6%]
tests/analysis/test_stats.py ....                                        [  6%]
tests/analysis/test_stats_and_registry_expansion.py ....                 [  6%]
tests/analysis/test_stats_report.py .........                            [  6%]
tests/analysis/test_stats_report_snapshot.py .                           [  6%]
tests/analysis/test_stats_summary_legacy_html.py ...                     [  6%]
tests/analysis/test_stats_summary_surface.py .....                       [  6%]
tests/analysis/test_summary.py ........                                  [  6%]
tests/analysis/test_summary_module_resolve.py ....                       [  6%]
tests/analysis/test_tag_extraction.py .......                            [  6%]
tests/analysis/test_temporal_dynamics.py ................                [  6%]
tests/analysis/test_tics.py ........                                     [  6%]
tests/analysis/test_topic_visualization_unit.py .....                    [  7%]
tests/analysis/test_transcript_output.py ...                             [  7%]
tests/analysis/test_understandability.py ......                          [  7%]
tests/analysis/test_voice_mismatch_module.py ..                          [  7%]
tests/analysis/test_voice_modules_skip_paths.py .....                    [  7%]
tests/analysis/test_wordclouds.py .........                              [  7%]
tests/analysis/test_wordclouds_analysis_helpers.py .............         [  7%]
tests/analysis/test_wordclouds_evidence.py ..                            [  7%]
tests/analysis/test_wordclouds_frequencies.py .........                  [  7%]
tests/analysis/test_wordclouds_plotting.py ...                           [  7%]
tests/analysis/interactions/test_analyzer.py ..                          [  7%]
tests/analysis/interactions/test_equity.py ...............               [  7%]
tests/analysis/interactions/test_events.py .                             [  7%]
tests/analysis/interactions/test_output.py .....                         [  8%]
tests/analysis/interactions/test_visualization_specs.py ............     [  8%]
tests/analysis/semantic_similarity/test_b14_acceptance_gaps.py ........  [  8%]
tests/analysis/semantic_similarity/test_b14_group_motifs.py .....        [  8%]
tests/analysis/semantic_similarity/test_candidates.py .                  [  8%]
tests/analysis/semantic_similarity/test_embedding.py .....               [  8%]
tests/analysis/semantic_similarity/test_intake.py ..                     [  8%]
tests/analysis/semantic_similarity/test_schema_version.py .........      [  8%]
tests/analysis/semantic_similarity/test_similarity.py .                  [  8%]
tests/analysis/semantic_similarity/test_visualization.py ..              [  8%]
tests/app/test_group_module_for_group_wiring.py ...                      [  8%]
tests/app/test_gui_surface_orchestration.py ...............              [  8%]
tests/app/test_library_controller.py ..                                  [  8%]
tests/app/test_merge_workflow.py ...................                     [  9%]
tests/app/test_profile_controller_contracts.py ..........                [  9%]
tests/app/test_workflows.py ......................                       [  9%]
tests/app/test_workflows_unified_helpers.py ......                       [  9%]
tests/app/controllers/test_transcription_controller.py ..                [  9%]
tests/app/workflows/test_transcription.py .........                      [  9%]
tests/contracts/test_artifact_contracts.py ...                           [  9%]
tests/contracts/test_bertopic_optional_extra.py ..                       [  9%]
tests/contracts/test_chart_output_service_wiring.py ..                   [  9%]
tests/contracts/test_default_modules_uses_v2.py ..                       [  9%]
tests/contracts/test_emotion_contracts.py F                              [  9%]
tests/contracts/test_emotion_nrclex_compat_contracts.py ...              [  9%]
tests/contracts/test_manifest_contracts.py F                             [  9%]
tests/contracts/test_manifest_driven_run.py ..                           [  9%]
tests/contracts/test_module_registry_legacy_flag.py ..                   [  9%]
tests/contracts/test_ner_contracts.py .                                  [  9%]
tests/contracts/test_ner_map_artifacts_contracts.py ......               [ 10%]
tests/contracts/test_observability_import_boundary.py .                  [ 10%]
tests/contracts/test_output_naming.py .                                  [ 10%]
tests/contracts/test_pipeline_layering_thinness.py ......                [ 10%]
tests/contracts/test_playwright_container_contracts.py ....              [ 10%]
tests/contracts/test_retired_public_ids_invariant.py ....                [ 10%]
tests/contracts/test_run_results_and_manifest_contracts.py ...           [ 10%]
tests/contracts/test_semantic_v2_explicit_legacy_selection.py ..         [ 10%]
tests/contracts/test_semantic_v2_missing_torch.py .....                  [ 10%]
tests/contracts/test_semantic_v2_no_duplicate_default.py .               [ 10%]
tests/contracts/test_semantic_v2_no_legacy_v2_coexistence_default.py .   [ 10%]
tests/contracts/test_semantic_v2_outcome_envelope.py .                   [ 10%]
tests/contracts/test_semantic_v2_output_validation.py .                  [ 10%]
tests/contracts/test_speaker_exclusion.py ..                             [ 10%]
tests/contracts/test_speaker_profiles_avatars.py ...............         [ 10%]
tests/contracts/test_speaker_profiles_backfill_from_maps.py .....        [ 10%]
tests/contracts/test_speaker_profiles_ignored_gaps.py ..                 [ 10%]
tests/contracts/test_speaker_profiles_longitudinal.py .................. [ 10%]
.....                                                                    [ 11%]
tests/contracts/test_speaker_profiles_phase15.py .............           [ 11%]
tests/contracts/test_speaker_profiles_phase15_gaps.py ................   [ 11%]
tests/contracts/test_speaker_profiles_recovery.py ......                 [ 11%]
tests/contracts/test_speaker_profiles_resolver_discovery.py ........     [ 11%]
tests/contracts/test_speaker_profiles_service_ops.py .......             [ 11%]
tests/contracts/test_speaker_profiles_stage4_web.py ....                 [ 11%]
tests/contracts/test_speaker_profiles_stages_5_8.py .........            [ 11%]
tests/contracts/test_speaker_profiles_v1_contracts.py .................. [ 12%]
.......                                                                  [ 12%]
tests/contracts/test_speaker_profiles_voice_accept_query_evidence.py ..  [ 12%]
tests/contracts/test_speaker_profiles_voice_audit_fixes.py .......       [ 12%]
tests/contracts/test_speaker_profiles_voice_bootstrap.py ....            [ 12%]
tests/contracts/test_speaker_profiles_voice_chunked_crash.py .....       [ 12%]
tests/contracts/test_speaker_profiles_voice_completion.py ....           [ 12%]
tests/contracts/test_speaker_profiles_voice_eval_harness.py ....         [ 12%]
tests/contracts/test_speaker_profiles_voice_finalize.py ......           [ 12%]
tests/contracts/test_speaker_profiles_voice_operator.py ....             [ 12%]
tests/contracts/test_speaker_profiles_voice_persistence.py ....          [ 12%]
tests/contracts/test_speaker_profiles_voice_stage0.py ..............     [ 12%]
tests/contracts/test_speaker_profiles_voice_stage1.py ......             [ 12%]
tests/contracts/test_speaker_profiles_voice_stage2.py ...s.              [ 12%]
tests/contracts/test_speaker_profiles_voice_stage3.py ...                [ 13%]
tests/contracts/test_speaker_profiles_voice_stage4_5.py .....            [ 13%]
tests/contracts/test_speaker_profiles_voice_stage6.py .                  [ 13%]
tests/contracts/test_speaker_profiles_voice_stage8.py .....              [ 13%]
tests/contracts/test_speaker_profiles_voice_stage9_index.py ......       [ 13%]
tests/contracts/test_stale_surface_references.py ....................... [ 13%]
........................................................................ [ 14%]
......................................................                   [ 15%]
tests/contracts/test_topic_modeling_contracts.py ....                    [ 15%]
tests/contracts/test_transcript_quality_contract.py ..                   [ 15%]
tests/contracts/test_transcription_models_contract.py .......            [ 15%]
tests/contracts/test_unnamed_speaker_artifact_exclusion.py ......        [ 15%]
tests/contracts/test_weak_analysis_module_contracts.py ....              [ 15%]
tests/contracts/test_write_authority.py .                                [ 15%]
tests/core/test_architecture_flow.py .....                               [ 15%]
tests/core/test_cache_config_allowlist.py ...                            [ 15%]
tests/core/test_config_provider_unit.py ..                               [ 15%]
tests/core/test_geo_utils_unit.py ..                                     [ 15%]
tests/core/test_group_key.py ....                                        [ 15%]
tests/core/test_group_output_utils.py ...                                [ 15%]
tests/core/test_group_resolver_unit.py .                                 [ 15%]
tests/core/test_imports.py .                                             [ 15%]
tests/core/test_pipeline_infrastructure.py ......                        [ 15%]
tests/core/test_segments_api.py ...                                      [ 15%]
tests/core/analysis/test_aggregation_registry_blob_aggs.py ............. [ 15%]
                                                                         [ 15%]
tests/core/analysis/test_aggregation_registry_branches.py .............. [ 16%]
..                                                                       [ 16%]
tests/core/analysis/test_aggregation_registry_row_aggs.py ......         [ 16%]
tests/core/analysis/test_aggregation_registry_topo.py ..                 [ 16%]
tests/core/analysis/test_bertopic_shaping_helpers.py ................... [ 16%]
..                                                                       [ 16%]
tests/core/analysis/test_common.py ..............................        [ 16%]
tests/core/analysis/test_contagion_detection.py .............            [ 17%]
tests/core/analysis/test_contagion_group_pooled.py ...                   [ 17%]
tests/core/analysis/test_group_aggregation_contracts.py .......          [ 17%]
tests/core/analysis/test_group_aggregation_schema.py .............       [ 17%]
tests/core/analysis/test_group_emotion_aggregation.py ......             [ 17%]
tests/core/analysis/test_group_insights_voice_edges.py ....              [ 17%]
tests/core/analysis/test_group_llm_aggregation_edges.py ................ [ 17%]
..                                                                       [ 17%]
tests/core/analysis/test_group_llm_synthesis.py ....................     [ 18%]
tests/core/analysis/test_group_llm_synthesis_adversarial.py ............ [ 18%]
.                                                                        [ 18%]
tests/core/analysis/test_group_module_aggregations.py ..........         [ 18%]
tests/core/analysis/test_group_module_support_contract.py .....          [ 18%]
tests/core/analysis/test_group_new_modules_deep.py ...........           [ 18%]
tests/core/analysis/test_group_pooled_wordclouds.py .........            [ 18%]
tests/core/analysis/test_insights_normalization.py .........             [ 18%]
tests/core/analysis/test_llm_action_items.py ............                [ 18%]
tests/core/analysis/test_llm_modules.py ................                 [ 19%]
tests/core/analysis/test_llm_speaker_summary.py ......                   [ 19%]
tests/core/analysis/test_llm_summary_intake.py .....                     [ 19%]
tests/core/analysis/test_narrative_summary_helpers.py ......             [ 19%]
tests/core/analysis/test_selection.py ................................   [ 19%]
tests/core/analysis/test_stats_group_aggregation.py .....                [ 19%]
tests/core/analysis/test_tics_group_aggregate_pooled.py ...              [ 19%]
tests/core/analysis/test_transcript_quality.py .................         [ 20%]
tests/core/analysis/test_wave2_lexicon_group_aggregate.py .....          [ 20%]
tests/core/analysis/test_wordclouds_group_aggregation.py .               [ 20%]
tests/core/analysis/chart_descriptions/test_coordinator_warnings.py .    [ 20%]
tests/core/analysis/chart_descriptions/test_core.py ..........           [ 20%]
tests/core/analysis/chart_descriptions/test_crash_points.py ...          [ 20%]
tests/core/analysis/chart_descriptions/test_export_html.py .             [ 20%]
tests/core/analysis/chart_descriptions/test_inventory_evidence_exclusion.py . [ 20%]
.                                                                        [ 20%]
tests/core/analysis/chart_descriptions/test_parse_description_json.py .. [ 20%]
.....                                                                    [ 20%]
tests/core/analysis/chart_descriptions/test_request_timeout.py ...       [ 20%]
tests/core/analysis/chart_descriptions/test_selection_reuse.py ..        [ 20%]
tests/core/analysis/group_charts/test_chart_helpers.py .....             [ 20%]
tests/core/analysis/group_charts/test_context_guards.py ..               [ 20%]
tests/core/analysis/group_charts/test_group_charts_recent_features.py .. [ 20%]
.............                                                            [ 20%]
tests/core/analysis/group_charts/test_interactions_charts.py ...         [ 20%]
tests/core/analysis/llm_custom_qa/test_activation_tripwires.py ......    [ 20%]
tests/core/analysis/llm_custom_qa/test_analyze_structured_helpers.py ... [ 20%]
..                                                                       [ 20%]
tests/core/analysis/llm_custom_qa/test_commit_sweep.py ...               [ 21%]
tests/core/analysis/llm_custom_qa/test_config_lock.py ..                 [ 21%]
tests/core/analysis/llm_custom_qa/test_contract.py ............          [ 21%]
tests/core/analysis/llm_custom_qa/test_expanded_coverage.py ............ [ 21%]
........                                                                 [ 21%]
tests/core/analysis/llm_custom_qa/test_plan_coverage.py ...F.            [ 21%]
tests/core/analysis/llm_custom_qa/test_reader_commit.py ...              [ 21%]
tests/core/analysis/llm_custom_qa/test_soft_grounding.py .               [ 21%]
tests/core/analysis/llm_custom_qa/test_stage0_contracts.py .........     [ 21%]
tests/core/analysis/llm_support/test_action_items_contract.py .......... [ 21%]
...............................                                          [ 22%]
tests/core/analysis/llm_support/test_action_items_e2e_b10.py .           [ 22%]
tests/core/analysis/llm_support/test_action_items_guidance.py .........  [ 22%]
tests/core/analysis/llm_support/test_action_items_render.py ....         [ 22%]
tests/core/analysis/llm_support/test_architecture.py ................... [ 22%]
..                                                                       [ 22%]
tests/core/analysis/llm_support/test_artifacts.py ..................     [ 22%]
tests/core/analysis/llm_support/test_filenames.py ............           [ 23%]
tests/core/analysis/llm_support/test_hashing.py .....                    [ 23%]
tests/core/analysis/llm_support/test_json_parse.py ..................    [ 23%]
tests/core/analysis/llm_support/test_model_guidance.py ................. [ 23%]
...                                                                      [ 23%]
tests/core/analysis/llm_support/test_narrative_contract.py ............. [ 23%]
......                                                                   [ 23%]
tests/core/analysis/llm_support/test_narrative_source.py ............... [ 24%]
...                                                                      [ 24%]
tests/core/analysis/llm_support/test_prompts.py .................        [ 24%]
tests/core/analysis/llm_support/test_provenance.py ..                    [ 24%]
tests/core/analysis/llm_support/test_runtime.py ........................ [ 24%]
....                                                                     [ 24%]
tests/core/analysis/llm_support/test_speakers.py ............            [ 24%]
tests/core/analysis/llm_support/test_text_cleanup.py .......             [ 24%]
tests/core/analysis/voice/test_audio_io_resolve_contract.py ..           [ 24%]
tests/core/analysis/voice/test_prosody_dashboard.py ..                   [ 24%]
tests/core/analysis/voice/test_rhythm_metrics.py ....                    [ 24%]
tests/core/analysis/voice/test_voice_aggregate_utils.py ......           [ 25%]
tests/core/analysis/voice/test_voice_charts_core_outputs.py ..           [ 25%]
tests/core/analysis/voice/test_voice_deps.py ...                         [ 25%]
tests/core/analysis/voice/test_voice_extract_utils.py ....               [ 25%]
tests/core/analysis/voice/test_voice_features_module.py ...              [ 25%]
tests/core/analysis/voice/test_voice_features_utils.py ........          [ 25%]
tests/core/analysis/voice/test_voice_schema_cache_helpers.py .......     [ 25%]
tests/core/audio/test_audio_backup.py ...........                        [ 25%]
tests/core/audio/test_preprocessing_assess.py ...                        [ 25%]
tests/core/audio/test_preprocessing_modes.py ......                      [ 25%]
tests/core/audio/test_serial_groups.py .................                 [ 25%]
tests/core/audio/test_transcription_conversion.py ....                   [ 25%]
tests/core/config/test_activation_key_ownership_contract.py .            [ 25%]
tests/core/config/test_activation_write_guardrails.py .                  [ 25%]
tests/core/config/test_acts_config_integration.py ........               [ 26%]
tests/core/config/test_acts_pydantic_registry.py ......                  [ 26%]
tests/core/config/test_analysis_config_visibility.py ................... [ 26%]
..........                                                               [ 26%]
tests/core/config/test_coercion.py ...........................           [ 26%]
tests/core/config/test_config_models_import_ban.py ..                    [ 26%]
tests/core/config/test_config_precedence.py ...                          [ 26%]
tests/core/config/test_config_reset.py ..                                [ 26%]
tests/core/config/test_corrections_config_delegation.py ................ [ 27%]
........                                                                 [ 27%]
tests/core/config/test_dashboard_display_pydantic_registry.py ....       [ 27%]
tests/core/config/test_delegated_init_false_gate.py .................... [ 27%]
........................                                                 [ 27%]
tests/core/config/test_delegation_shape_snapshots.py ..                  [ 27%]
tests/core/config/test_display_config_verification.py .....              [ 27%]
tests/core/config/test_env_overrides_apply.py ........                   [ 28%]
tests/core/config/test_file_overrides_atomicity.py ...                   [ 28%]
tests/core/config/test_flat_analysis_pilot_ownership_map.py ..           [ 28%]
tests/core/config/test_flat_analysis_slice_delegation.py ..............  [ 28%]
tests/core/config/test_generate_pydantic_pilots_policy.py .....          [ 28%]
tests/core/config/test_gui_coercion_expansion.py ....                    [ 28%]
tests/core/config/test_gui_support_contracts.py .....                    [ 28%]
tests/core/config/test_gui_support_ordering_contracts.py ....            [ 28%]
tests/core/config/test_highlights_config_delegation.py .........         [ 28%]
tests/core/config/test_llm_action_items_config_delegation.py .........   [ 28%]
tests/core/config/test_llm_config_integration.py .........               [ 28%]
tests/core/config/test_llm_custom_qa_settings_migration.py ....          [ 28%]
tests/core/config/test_llm_effort_tier_models.py .....                   [ 28%]
tests/core/config/test_llm_pydantic_registry.py .....                    [ 29%]
tests/core/config/test_llm_settings_model.py ......                      [ 29%]
tests/core/config/test_llm_speaker_summary_config_delegation.py ........ [ 29%]
                                                                         [ 29%]
tests/core/config/test_llm_speaker_summary_config_integration.py ....... [ 29%]
....                                                                     [ 29%]
tests/core/config/test_llm_summary_config_delegation.py ........         [ 29%]
tests/core/config/test_llm_summary_config_integration.py ...........     [ 29%]
tests/core/config/test_mapping_store_delegation.py .........             [ 29%]
tests/core/config/test_metadata_config_integration.py .....              [ 29%]
tests/core/config/test_metadata_config_visibility.py ....                [ 29%]
tests/core/config/test_metadata_pydantic_registry.py ...                 [ 29%]
tests/core/config/test_nested_file_overrides_probe.py .................. [ 30%]
                                                                         [ 30%]
tests/core/config/test_nested_remaining_config_delegation.py ........... [ 30%]
........................................................................ [ 31%]
................                                                         [ 31%]
tests/core/config/test_pauses_config_delegation.py ...........           [ 31%]
tests/core/config/test_persistence.py ....                               [ 31%]
tests/core/config/test_profile_loading_unit.py ........                  [ 31%]
tests/core/config/test_profile_modules_config_integration.py ........... [ 31%]
.......                                                                  [ 31%]
tests/core/config/test_profile_target_adapter.py .........               [ 32%]
tests/core/config/test_pydantic_bridge_drift.py ....F...F                [ 32%]
tests/core/config/test_pydantic_bridge_helpers.py ............           [ 32%]
tests/core/config/test_pydantic_pilot_parity.py ........................ [ 32%]
.........................                                                [ 32%]
tests/core/config/test_pydantic_registry_converter.py .................  [ 33%]
tests/core/config/test_registry.py ..                                    [ 33%]
tests/core/config/test_registry_metadata_constraints.py ................ [ 33%]
........................................................................ [ 34%]
..............                                                           [ 34%]
tests/core/config/test_registry_ownership.py ..........                  [ 34%]
tests/core/config/test_resolver_tempfile_build.py .....                  [ 34%]
tests/core/config/test_roundtrip.py .                                    [ 34%]
tests/core/config/test_selection_mode_apply_live.py ..                   [ 34%]
tests/core/config/test_semantic_v2_config_integration.py ........        [ 34%]
tests/core/config/test_semantic_v2_profile_roundtrip.py ..               [ 34%]
tests/core/config/test_semantic_v2_pydantic_registry.py ......           [ 34%]
tests/core/config/test_semantic_v2_pydantic_validation.py ............   [ 35%]
tests/core/config/test_semantic_v2_validation.py ...                     [ 35%]
tests/core/config/test_settings_file_load_pilots.py .................... [ 35%]
.......                                                                  [ 35%]
tests/core/config/test_settings_persistence_contracts.py .......         [ 35%]
tests/core/config/test_settings_pilot_validation.py .................... [ 35%]
................................................                         [ 36%]
tests/core/config/test_settings_resolution.py ..                         [ 36%]
tests/core/config/test_summary_config_delegation.py .............        [ 36%]
tests/core/config/test_system_workflow_delegation.py ................... [ 36%]
.............                                                            [ 36%]
tests/core/config/test_to_dict_curated_projection.py .......             [ 37%]
tests/core/config/test_validation.py .                                   [ 37%]
tests/core/config/test_validation_consolidation.py ..........            [ 37%]
tests/core/config/test_validation_fanout.py ....                         [ 37%]
tests/core/config/test_validation_helpers.py ........................... [ 37%]
                                                                         [ 37%]
tests/core/config/test_voice_config_delegation.py ...................... [ 37%]
....                                                                     [ 37%]
tests/core/corrections/test_corrections.py ....................          [ 38%]
tests/core/corrections/test_corrections_memory.py .....................  [ 38%]
tests/core/data_extraction/test_base_extractor.py ...................... [ 38%]
......................                                                   [ 39%]
tests/core/data_extraction/test_entity_extractor.py .....                [ 39%]
tests/core/data_extraction/test_interaction_extractor.py ....            [ 39%]
tests/core/data_extraction/test_performance_extractor.py ....            [ 39%]
tests/core/data_extraction/test_semantic_extractor.py ....               [ 39%]
tests/core/data_extraction/test_sentiment_extractor.py ...........       [ 39%]
tests/core/data_extraction/test_tic_extractor.py ....                    [ 39%]
tests/core/data_extraction/test_topic_extractor.py .....                 [ 39%]
tests/core/data_extraction/test_validation.py .......................... [ 39%]
.............................                                            [ 40%]
tests/core/domain/test_transcript_set_group.py ...                       [ 40%]
tests/core/integration/test_error_handler.py .....                       [ 40%]
tests/core/io/test_events_io.py ..                                       [ 40%]
tests/core/llm/test_llm_factory.py .......                               [ 40%]
tests/core/llm/test_ollama_client.py ................................... [ 40%]
.......                                                                  [ 40%]
tests/core/llm/test_ollama_live_helpers.py ....                          [ 41%]
tests/core/llm/test_prompting.py .....                                   [ 41%]
tests/core/models/test_events_models.py ..                               [ 41%]
tests/core/observability/test_run_performance.py .....................   [ 41%]
tests/core/observability/test_run_performance_exporter.py .........      [ 41%]
tests/core/output/test_group_output_service_metadata.py .                [ 41%]
tests/core/output/test_group_output_service_scaffold.py .....            [ 41%]
tests/core/output/test_group_row_writer.py ..                            [ 41%]
tests/core/output/test_group_row_writer_extended.py ...                  [ 41%]
tests/core/output/test_output_builder.py ....                            [ 41%]
tests/core/output/test_output_service.py ...............                 [ 41%]
tests/core/output/test_output_service_branches.py ...............        [ 42%]
tests/core/pipeline/test_chart_outcome.py ..                             [ 42%]
tests/core/pipeline/test_default_modules_audio_gating.py .               [ 42%]
tests/core/pipeline/test_module_registry_specs_contract.py ............. [ 42%]
                                                                         [ 42%]
tests/core/pipeline/test_module_registry_specs_snapshot.py ..            [ 42%]
tests/core/pipeline/test_optional_dep_outcomes.py ....                   [ 42%]
tests/core/pipeline/test_pipeline_context_branches.py ...........        [ 42%]
tests/core/pipeline/test_write_group_member_runs.py .                    [ 42%]
tests/core/services/test_group_service.py ....                           [ 42%]
tests/core/services/test_group_service_dedup.py ....                     [ 42%]
tests/core/store/test_corrections_session_store_unit.py ................ [ 42%]
........                                                                 [ 42%]
tests/core/store/test_group_manifest_store_extended.py ..                [ 42%]
tests/core/store/test_group_manifest_store_resolve.py ..                 [ 42%]
tests/core/store/test_sidecar_store.py ....                              [ 43%]
tests/core/store/test_transcript_store.py ......                         [ 43%]
tests/core/utils/test_audio_availability_contract.py ..                  [ 43%]
tests/core/utils/test_chart_registry.py ...............................  [ 43%]
tests/core/utils/test_config.py ............F......................      [ 43%]
tests/core/utils/test_config_dashboard.py ..                             [ 43%]
tests/core/utils/test_config_loading_contracts.py ........               [ 44%]
tests/core/utils/test_config_validation.py ....                          [ 44%]
tests/core/utils/test_config_validator_dashboard.py ...                  [ 44%]
tests/core/utils/test_config_validator_sections.py ...................   [ 44%]
tests/core/utils/test_downloads.py ....                                  [ 44%]
tests/core/utils/test_file_discovery.py ...                              [ 44%]
tests/core/utils/test_file_discovery_extra.py ..............             [ 44%]
tests/core/utils/test_file_lock.py ....................                  [ 44%]
tests/core/utils/test_file_rename.py .......................             [ 45%]
tests/core/utils/test_file_rename_candidates.py ....                     [ 45%]
tests/core/utils/test_file_rename_contracts.py .....................     [ 45%]
tests/core/utils/test_file_rename_import_contract.py ..                  [ 45%]
tests/core/utils/test_file_rename_unit.py ..................F            [ 45%]
tests/core/utils/test_llm_config.py .................                    [ 46%]
tests/core/utils/test_logger.py ...............                          [ 46%]
tests/core/utils/test_nlp_utils.py ..............................        [ 46%]
tests/core/utils/test_output_builder.py ..........................       [ 46%]
tests/core/utils/test_output_validation.py ...........                   [ 47%]
tests/core/utils/test_path_resolution_core_unit.py ...................   [ 47%]
tests/core/utils/test_path_resolver.py .......                           [ 47%]
tests/core/utils/test_path_settings.py ......F.....                      [ 47%]
tests/core/utils/test_paths.py ........................                  [ 47%]
tests/core/utils/test_paths_transcripts_helpers.py .....                 [ 47%]
tests/core/utils/test_processing_state.py .....................          [ 48%]
tests/core/utils/test_profile_manager_guardrails.py .................... [ 48%]
.                                                                        [ 48%]
tests/core/utils/test_rename_cli.py ...                                  [ 48%]
tests/core/utils/test_rename_finalize_and_layout.py .............        [ 48%]
tests/core/utils/test_rename_journal.py .....                            [ 48%]
tests/core/utils/test_rename_managed_contracts.py ................       [ 48%]
tests/core/utils/test_rename_phase_matrix.py ......................      [ 49%]
tests/core/utils/test_rename_processing_state.py ...                     [ 49%]
tests/core/utils/test_rename_public_import_contract.py ..                [ 49%]
tests/core/utils/test_rename_robustness.py ...................           [ 49%]
tests/core/utils/test_rename_transaction_unit.py .............           [ 49%]
tests/core/utils/test_run_lock_canonical.py ..                           [ 49%]
tests/core/utils/test_run_manifest_extended.py ..............            [ 49%]
tests/core/utils/test_run_writer_locks.py ..............                 [ 50%]
tests/core/utils/test_segment_duration.py ...                            [ 50%]
tests/core/utils/test_similarity.py ...............................      [ 50%]
tests/core/utils/test_slug_manager.py ..                                 [ 50%]
tests/core/utils/test_slug_manager_additional.py .....                   [ 50%]
tests/core/utils/test_speaker_disambiguation.py .............            [ 50%]
tests/core/utils/test_state_backup.py ........................           [ 51%]
tests/core/utils/test_state_management.py ...........                    [ 51%]
tests/core/utils/test_state_utils_repair.py .....                        [ 51%]
tests/core/utils/test_system_config.py ......                            [ 51%]
tests/core/utils/test_system_env_overrides.py ..........                 [ 51%]
tests/core/utils/test_system_legacy_config.py ......                     [ 51%]
tests/core/utils/test_validation.py .................................... [ 52%]
...............................                                          [ 52%]
tests/core/utils/config/test_env_key_registry.py ....................... [ 52%]
........................................................................ [ 53%]
................................                                         [ 54%]
tests/core/viz/test_chart_outputs_integration.py .....                   [ 54%]
tests/core/viz/test_charts.py ..                                         [ 54%]
tests/core/viz/test_charts_helpers.py .......                            [ 54%]
tests/core/viz/test_mpl_contracts.py .............................       [ 54%]
tests/core/viz/test_mpl_empty_signal.py .........................        [ 54%]
tests/io/test_admit_and_register.py .........                            [ 55%]
tests/io/test_atomic_json.py ...........                                 [ 55%]
tests/io/test_canonical_transcript_validation.py ...                     [ 55%]
tests/io/test_file_io.py ..........................                      [ 55%]
tests/io/test_folder_import.py ...............                           [ 55%]
tests/io/test_import_core_pipeline.py ...                                [ 55%]
tests/io/test_import_core_registry.py ..                                 [ 55%]
tests/io/test_import_detection_matrix.py ..                              [ 55%]
tests/io/test_import_metadata_persist_unit.py ....                       [ 55%]
tests/io/test_import_metadata_sidecar.py ........                        [ 55%]
tests/io/test_import_orchestrator.py ..                                  [ 56%]
tests/io/test_import_surface.py .                                        [ 56%]
tests/io/test_managed_import_workflow.py ...............                 [ 56%]
tests/io/test_metadata_stats.py ..............                           [ 56%]
tests/io/test_originals_archive.py ...                                   [ 56%]
tests/io/test_speaker_map_inheritance.py ................                [ 56%]
tests/io/test_speaker_map_resolver.py ..........                         [ 56%]
tests/io/test_speaker_map_resolver_helpers.py ....                       [ 56%]
tests/io/test_speaker_mapping.py .......                                 [ 56%]
tests/io/test_speaker_mapping_core_additional.py ....                    [ 56%]
tests/io/test_srt_parser.py ..                                           [ 56%]
tests/io/test_srt_writer.py ...                                          [ 57%]
tests/io/test_tag_management.py .....................                    [ 57%]
tests/io/test_transcript_loader.py ...........................           [ 57%]
tests/io/test_transcript_loading_contract.py ......                      [ 57%]
tests/io/test_transcript_normalizer.py .................                 [ 57%]
tests/io/test_transcript_schema.py .....                                 [ 57%]
tests/io/test_transcript_service.py .....................                [ 58%]
tests/io/test_ui_helpers.py ..........................                   [ 58%]
tests/io/test_vtt_parser.py ......................                       [ 58%]
tests/io/adapters/test_adapter_registry.py ..........                    [ 59%]
tests/io/adapters/test_fireflies_adapter.py ........                     [ 59%]
tests/io/adapters/test_generic_diarised_text_adapter.py ................ [ 59%]
                                                                         [ 59%]
tests/io/adapters/test_otter_adapter.py .......                          [ 59%]
tests/io/adapters/test_rev_adapter.py .......                            [ 59%]
tests/io/adapters/test_sembly_adapter.py ..................              [ 59%]
tests/io/adapters/test_srt_adapter.py .......                            [ 59%]
tests/io/adapters/test_vtt_adapter.py ..........                         [ 59%]
tests/io/adapters/test_whisperx_adapter.py .................             [ 60%]
tests/io/adapters/test_zoom_adapter.py ..........                        [ 60%]
tests/packaging/test_bertopic_boundary.py ..s                            [ 60%]
tests/packaging/test_extras_metadata.py .......                          [ 60%]
tests/pipeline/test_config_matrix.py .....                               [ 60%]
tests/pipeline/test_dag_executor_unit.py ........                        [ 60%]
tests/pipeline/test_dag_legacy_compat_unit.py .........                  [ 60%]
tests/pipeline/test_dag_pipeline.py .................................... [ 61%]
...................                                                      [ 61%]
tests/pipeline/test_dag_pipeline_engine.py ...........                   [ 61%]
tests/pipeline/test_dag_pipeline_execution_refactor.py ............      [ 61%]
tests/pipeline/test_dag_pipeline_factory.py ....                         [ 61%]
tests/pipeline/test_dag_pipeline_finalize_progress.py .....              [ 61%]
tests/pipeline/test_dag_pipeline_run_helpers.py ......                   [ 61%]
tests/pipeline/test_dag_planner_regression.py ...                        [ 61%]
tests/pipeline/test_group_member_module_execution.py ..                  [ 61%]
tests/pipeline/test_group_outcome_truth.py .............                 [ 62%]
tests/pipeline/test_group_run_performance.py .............               [ 62%]
tests/pipeline/test_group_speaker_normalizer_cross_session.py ...        [ 62%]
tests/pipeline/test_llm_adapter_errors.py ................               [ 62%]
tests/pipeline/test_llm_containment.py ..                                [ 62%]
tests/pipeline/test_llm_gating.py ....................                   [ 62%]
tests/pipeline/test_llm_partial_run.py ..                                [ 62%]
tests/pipeline/test_manifest_builder.py ..............                   [ 63%]
tests/pipeline/test_manifest_snapshot.py .                               [ 63%]
tests/pipeline/test_module_artifact_contracts.py ..                      [ 63%]
tests/pipeline/test_module_outcomes.py ..........                        [ 63%]
tests/pipeline/test_module_registry.py .................                 [ 63%]
tests/pipeline/test_module_timeout_continue.py ...........               [ 63%]
tests/pipeline/test_output_reporter.py ........                          [ 63%]
tests/pipeline/test_pipeline.py .......                                  [ 63%]
tests/pipeline/test_pipeline_context.py .............................    [ 64%]
tests/pipeline/test_pipeline_context_builder.py .....                    [ 64%]
tests/pipeline/test_pipeline_file_adapters.py ..............             [ 64%]
tests/pipeline/test_pipeline_layering_contracts.py ..........            [ 64%]
tests/pipeline/test_pipeline_managed_transcript_gate.py ...              [ 64%]
tests/pipeline/test_pipeline_validation.py .......                       [ 64%]
tests/pipeline/test_pipeline_write_phases.py ......                      [ 64%]
tests/pipeline/test_preprocessing.py ..........                          [ 64%]
tests/pipeline/test_requirements_resolver.py ..                          [ 64%]
tests/pipeline/test_result_envelope.py .                                 [ 64%]
tests/pipeline/test_run_bootstrap_service.py ..........                  [ 64%]
tests/pipeline/test_run_configurator.py .....                            [ 65%]
tests/pipeline/test_run_lifecycle_harness.py .......                     [ 65%]
tests/pipeline/test_run_orchestrator_behavior_characterization.py ...... [ 65%]
.........                                                                [ 65%]
tests/pipeline/test_run_orchestrator_helpers.py ....                     [ 65%]
tests/pipeline/test_run_outcome_truth.py .....                           [ 65%]
tests/pipeline/test_run_persistence.py .......                           [ 65%]
tests/pipeline/test_run_workspace_service.py .....                       [ 65%]
tests/pipeline/test_speaker_normalizer.py ..                             [ 65%]
tests/pipeline/test_target_resolver.py ....                              [ 65%]
tests/pipeline/test_truth_path_guardrails.py .                           [ 65%]
tests/pipeline/test_workspace_cleanup.py .                               [ 65%]
tests/presentation/test_anchors.py ........                              [ 65%]
tests/presentation/test_intensity.py .....                               [ 65%]
tests/presentation/test_nothing_found.py .                               [ 65%]
tests/presentation/test_provenance.py ..                                 [ 65%]
tests/regression/test_analysis_only_invariants.py .........              [ 65%]
tests/regression/test_cli_exit_codes.py ...                              [ 66%]
tests/regression/test_module_imports.py .......                          [ 66%]
tests/regression/test_path_resolution_regressions.py ..............      [ 66%]
tests/regression/test_pipeline_determinism.py .....s.......              [ 66%]
tests/regression/test_state_file_compatibility.py ..............         [ 66%]
tests/regression/test_transcription_core_invariants.py .                 [ 66%]
tests/regression/test_workflow_mode_separation.py ....                   [ 66%]
tests/release/test_docs_scaffolds_0_9_5.py F.F...s                       [ 66%]
tests/release/test_public_surfaces_0_9_7.py ......                       [ 66%]
tests/release/test_sphinx_release_fallback.py ..                         [ 66%]
tests/release/test_wave0_release_hygiene.py FF..                         [ 66%]
tests/scripts/test_audio_helpers.py ....                                 [ 67%]
tests/scripts/test_whispermlx_missing.py ............................... [ 67%]
........                                                                 [ 67%]
tests/services/test_correction_service_facade_unit.py .....              [ 67%]
tests/services/test_corrections_service_additional.py ....               [ 67%]
tests/services/test_corrections_studio.py .....................          [ 67%]
tests/services/test_corrections_studio_candidate_invariants.py ....      [ 67%]
tests/services/test_corrections_studio_commit_batch.py .                 [ 67%]
tests/services/test_corrections_studio_commit_conflict_golden.py .       [ 67%]
tests/services/test_corrections_studio_controller.py ...                 [ 68%]
tests/services/test_corrections_studio_fuzzy_manifest.py ............... [ 68%]
.                                                                        [ 68%]
tests/services/test_corrections_studio_generation_llm_off_golden.py .    [ 68%]
tests/services/test_corrections_studio_hardening.py ...                  [ 68%]
tests/services/test_corrections_studio_inputs.py ...                     [ 68%]
tests/services/test_corrections_studio_integration.py .......            [ 68%]
tests/services/test_corrections_studio_legacy_replay_edges.py .......... [ 68%]
                                                                         [ 68%]
tests/services/test_corrections_studio_llm_contract.py ................. [ 68%]
.....                                                                    [ 68%]
tests/services/test_corrections_studio_llm_core.py ..................... [ 69%]
                                                                         [ 69%]
tests/services/test_corrections_studio_manifest_fingerprints.py ......   [ 69%]
tests/services/test_corrections_studio_occurrence_keys.py ....           [ 69%]
tests/services/test_corrections_studio_persistence_batch.py .....        [ 69%]
tests/services/test_corrections_studio_public_import_contract.py ..      [ 69%]
tests/services/test_corrections_studio_reconcile_expanded.py .....       [ 69%]
tests/services/test_corrections_studio_ui_helpers.py .........           [ 69%]
tests/services/test_mapping_service.py .....                             [ 69%]
tests/services/test_review_target.py ......                              [ 69%]
tests/services/test_segment_index.py .......                             [ 69%]
tests/services/test_speaker_studio_controller.py ......                  [ 69%]
tests/services/speaker_studio/test_clip_service.py ..................... [ 70%]
..                                                                       [ 70%]
tests/services/transcription/test_command_gen.py ........                [ 70%]
tests/services/transcription/test_env.py ..........                      [ 70%]
tests/services/transcription/test_redact.py ...                          [ 70%]
tests/services/transcription/test_registry.py .....                      [ 70%]
tests/services/transcription/test_whispermlx_provider.py ..........F.    [ 70%]
tests/services/transcription/test_whisperx_docker_provider.py ...        [ 70%]
tests/unit/test_affect_config_aliases.py ....                            [ 70%]
tests/unit/test_affect_family_contracts.py ................              [ 70%]
tests/unit/test_affect_family_hardening.py ............................. [ 71%]
...........                                                              [ 71%]
tests/unit/test_affect_family_release_matrix.py ........................ [ 71%]
........................................................................ [ 72%]
........F                                                                [ 72%]
tests/unit/test_affect_generational_store.py .....                       [ 72%]
tests/unit/test_affect_group_aggregation.py ...                          [ 72%]
tests/unit/test_affect_lexical_pipeline.py ......F                       [ 72%]
tests/unit/test_affect_module_init.py .F.FFF                             [ 72%]
tests/unit/test_affect_producer_analyze_offline.py ..                    [ 72%]
tests/unit/test_affect_split_cache.py ........                           [ 73%]
tests/unit/test_aggregation_registry_more_blobs.py ........              [ 73%]
tests/unit/test_artifact_writer.py ......                                [ 73%]
tests/unit/test_audit_guardrails.py ....                                 [ 73%]
tests/unit/test_batch_llm_model_selection.py .                           [ 73%]
tests/unit/test_canonicalization.py .......                              [ 73%]
tests/unit/test_charts_filter_state.py ..........                        [ 73%]
tests/unit/test_corrections_cli_review_branches.py .......               [ 73%]
tests/unit/test_corrections_workflow_branches.py .........               [ 73%]
tests/unit/test_dag_gating_named_speakers.py ...                         [ 73%]
tests/unit/test_data_extraction_affect_extractor.py ......               [ 73%]
tests/unit/test_emotion_family_characterization.py FFFF....FFFFF....FFFF [ 74%]
FFFF                                                                     [ 74%]
tests/unit/test_emotion_family_classifier_inference.py ................. [ 74%]
.....                                                                    [ 74%]
tests/unit/test_emotion_family_extract_contracts.py ................     [ 74%]
tests/unit/test_emotion_family_speaker_charts.py ......                  [ 74%]
tests/unit/test_emotion_family_work_items.py ............                [ 74%]
tests/unit/test_entity_polarity_module.py ..........                     [ 75%]
tests/unit/test_fine_grained_emotion_projections.py ......               [ 75%]
tests/unit/test_group_analysis_helpers.py ..............                 [ 75%]
tests/unit/test_group_entity_polarity_agg.py .                           [ 75%]
tests/unit/test_group_named_entity_agg.py .                              [ 75%]
tests/unit/test_hf_safetensors.py ....                                   [ 75%]
tests/unit/test_hf_text_classification_local_safetensors.py .            [ 75%]
tests/unit/test_hf_text_classification_offline.py ..                     [ 75%]
tests/unit/test_hf_text_classification_profiles.py ...........           [ 75%]
tests/unit/test_high_leverage.py .................                       [ 75%]
tests/unit/test_lazy_imports.py ...........                              [ 75%]
tests/unit/test_lazy_imports_branches.py ...................             [ 76%]
tests/unit/test_lexicon_markers.py ........                              [ 76%]
tests/unit/test_llm_feedback.py ...............                          [ 76%]
tests/unit/test_llm_generational_store_parity.py ..                      [ 76%]
tests/unit/test_llm_model_selection.py ................................. [ 76%]
.....                                                                    [ 76%]
tests/unit/test_manifest_loader.py ...............................       [ 77%]
tests/unit/test_module_hashing.py .......                                [ 77%]
tests/unit/test_named_entity_module.py ...........                       [ 77%]
tests/unit/test_non_neutral_emotion_charts.py ................           [ 77%]
tests/unit/test_output_standards.py .................                    [ 78%]
tests/unit/test_output_structure_builder.py ..........                   [ 78%]
tests/unit/test_path_canonical.py .....s..                               [ 78%]
tests/unit/test_path_utils.py .....                                      [ 78%]
tests/unit/test_perf_instrumentation.py ........                         [ 78%]
tests/unit/test_progress_snapshot.py .................................   [ 78%]
tests/unit/test_run_cleanup_results.py ....................              [ 79%]
tests/unit/test_run_controller.py ........                               [ 79%]
tests/unit/test_run_identity.py ..............                           [ 79%]
tests/unit/test_run_schema.py ..............                             [ 79%]
tests/unit/test_schema_epoch.py ...........                              [ 79%]
tests/unit/test_schema_epoch_forward_compat_097.py .                     [ 79%]
tests/unit/test_schema_epoch_remediation.py .....                        [ 79%]
tests/unit/test_speaker_gate.py .................                        [ 79%]
tests/unit/test_speaker_profile_interactions_pack.py .......             [ 80%]
tests/unit/test_speaker_profile_locations_pack.py ........               [ 80%]
tests/unit/test_speaker_profile_run_artifact_join.py ..                  [ 80%]
tests/unit/test_speaker_profile_sentiment_pack.py .......                [ 80%]
tests/unit/test_spread_analysis_module.py ..............                 [ 80%]
tests/unit/test_state_schema.py ...................................      [ 80%]
tests/unit/test_state_utils_queries.py ......                            [ 80%]
tests/unit/test_state_utils_validate_repair.py .....                     [ 81%]
tests/unit/test_thinking_model_selection.py .......                      [ 81%]
tests/unit/test_tm_utils_discourse.py .............                      [ 81%]
tests/unit/test_topic_shift_detector.py .............                    [ 81%]
tests/unit/test_topic_shift_enrichment.py ............                   [ 81%]
tests/unit/test_topic_shift_group_and_viewer.py ........                 [ 81%]
tests/unit/test_topic_shift_stage5.py ..........                         [ 81%]
tests/unit/test_transcript_helpers_high_leverage.py ............         [ 82%]
tests/unit/test_transcript_output_routing.py ...                         [ 82%]
tests/unit/test_utils_lexical_diversity.py .........                     [ 82%]
tests/unit/test_utils_understandability.py ...........                   [ 82%]
tests/unit/test_version_metadata.py ..                                   [ 82%]
tests/unit/test_voice_contours_helpers.py ....                           [ 82%]
tests/unit/test_voice_dashboard_helpers.py ......                        [ 82%]
tests/unit/test_voice_label_mismatch.py ...                              [ 82%]
tests/unit/test_wordclouds_group_helpers.py ....                         [ 82%]
tests/utils/test_charts_export.py ..............                         [ 82%]
tests/utils/test_config.py .....                                         [ 82%]
tests/utils/test_error_handling.py ...............................       [ 83%]
tests/utils/test_export_grouping.py ..                                   [ 83%]
tests/utils/test_export_index.py ...............................         [ 83%]
tests/utils/test_export_markdown.py ......                               [ 83%]
tests/utils/test_export_paths.py .....                                   [ 83%]
tests/utils/test_export_summary_bodies.py ......                         [ 83%]
tests/utils/test_fuzz_invariants.py ..                                   [ 83%]
tests/utils/test_html_utils.py ...                                       [ 83%]
tests/utils/test_logging.py ...                                          [ 83%]
tests/utils/test_marker_contracts.py ...                                 [ 83%]
tests/utils/test_misc_utils_coverage.py ..                               [ 83%]
tests/utils/test_module_result.py ......                                 [ 84%]
tests/utils/test_processing_state_recovery.py ..                         [ 84%]
tests/utils/test_quarantine_enforcement.py .                             [ 84%]
tests/utils/test_quarantine_metadata.py .                                [ 84%]
tests/utils/test_run_manifest.py .                                       [ 84%]
tests/utils/test_run_report.py ..                                        [ 84%]
tests/utils/test_text_utils_coverage.py ............                     [ 84%]
tests/utils/test_validation.py .....                                     [ 84%]
tests/utils/test_validation_edge_transcripts.py .......                  [ 84%]
tests/web/test_about_expander_inventory.py ..                            [ 84%]
tests/web/test_action_links.py ...                                       [ 84%]
tests/web/test_action_menu_navigation.py ............................... [ 84%]
...                                                                      [ 84%]
tests/web/test_action_menus_core.py .........................            [ 85%]
tests/web/test_analysis_presets_settings.py ........                     [ 85%]
tests/web/test_app_imports.py .                                          [ 85%]
tests/web/test_app_init_defaults.py .                                    [ 85%]
tests/web/test_app_startup.py ...                                        [ 85%]
tests/web/test_artifacts_navigation.py ..........                        [ 85%]
tests/web/test_artifacts_page.py ...                                     [ 85%]
tests/web/test_batch_ops_page.py ..........                              [ 85%]
tests/web/test_cache_helpers.py ............                             [ 85%]
tests/web/test_chart_gallery_grouping.py ...........                     [ 86%]
tests/web/test_chart_gallery_view_model.py ..........                    [ 86%]
tests/web/test_chart_help.py ..............                              [ 86%]
tests/web/test_chart_llm_description.py .........                        [ 86%]
tests/web/test_charts_page_helpers.py ..........                         [ 86%]
tests/web/test_configuration_panel.py ............                       [ 86%]
tests/web/test_context_bar.py ..                                         [ 86%]
tests/web/test_context_format.py ..........                              [ 86%]
tests/web/test_corrections_studio_pending_generate.py .....              [ 86%]
tests/web/test_corrections_studio_review.py ...                          [ 86%]
tests/web/test_dashboard_builder.py .                                    [ 86%]
tests/web/test_deep_links.py ...                                         [ 87%]
tests/web/test_diagnostics_page.py ..                                    [ 87%]
tests/web/test_export_selection.py ..                                    [ 87%]
tests/web/test_export_service.py ......                                  [ 87%]
tests/web/test_file_service.py .........                                 [ 87%]
tests/web/test_group_member_charts.py ...                                [ 87%]
tests/web/test_group_service.py .....                                    [ 87%]
tests/web/test_groups_page.py .......                                    [ 87%]
tests/web/test_home_page.py ..............                               [ 87%]
tests/web/test_insights_page.py ..                                       [ 87%]
tests/web/test_insights_presentation.py .........                        [ 87%]
tests/web/test_insights_presentation_renderers.py ........               [ 87%]
tests/web/test_insights_transcript_gui_expansion.py ............         [ 88%]
tests/web/test_interface_panel.py ......                                 [ 88%]
tests/web/test_knobs_heavy_gui_contracts.py ...............              [ 88%]
tests/web/test_layout_width.py ....                                      [ 88%]
tests/web/test_library_audio_resolution_contract.py .                    [ 88%]
tests/web/test_library_page.py ......                                    [ 88%]
tests/web/test_llm_feedback_contracts.py .....                           [ 88%]
tests/web/test_module_registry.py ......                                 [ 88%]
tests/web/test_module_run_prompt.py ....                                 [ 88%]
tests/web/test_module_ui_groups.py ...........                           [ 88%]
tests/web/test_native_parity.py .                                        [ 88%]
tests/web/test_navigation_contracts.py .......F.....                     [ 88%]
tests/web/test_navigation_import_contract.py .                           [ 88%]
tests/web/test_option_formatters.py ........                             [ 89%]
tests/web/test_overview_page.py ...                                      [ 89%]
tests/web/test_overview_run_results.py ..                                [ 89%]
tests/web/test_page_shell_help.py ....                                   [ 89%]
tests/web/test_performance_page.py ..                                    [ 89%]
tests/web/test_profiles_page_contracts.py ....                           [ 89%]
tests/web/test_progress_panel_live_refresh.py ...                        [ 89%]
tests/web/test_progress_panel_transcription.py .                         [ 89%]
tests/web/test_rename_service.py ..........                              [ 89%]
tests/web/test_rename_ui_presence.py ..                                  [ 89%]
tests/web/test_resolve_speaker_names_from_db_session.py .                [ 89%]
tests/web/test_router.py .......                                         [ 89%]
tests/web/test_router_behavior.py ....                                   [ 89%]
tests/web/test_run_analysis_gui_contracts.py .....................       [ 89%]
tests/web/test_run_analysis_page.py ......................               [ 90%]
tests/web/test_run_health_presentation.py ......                         [ 90%]
tests/web/test_run_id_info.py ..                                         [ 90%]
tests/web/test_run_scoped_page.py ....                                   [ 90%]
tests/web/test_run_visibility_filters.py ...                             [ 90%]
tests/web/test_search_matching_helpers.py ...............                [ 90%]
tests/web/test_search_page.py ......                                     [ 90%]
tests/web/test_search_service.py ...                                     [ 90%]
tests/web/test_search_service_expanded.py ..................             [ 90%]
tests/web/test_serial_group_ui.py .......                                [ 91%]
tests/web/test_settings_config_helpers.py .........                      [ 91%]
tests/web/test_settings_draft_state_contracts.py ............            [ 91%]
tests/web/test_settings_page.py ...                                      [ 91%]
tests/web/test_settings_profile_selector_contracts.py ...                [ 91%]
tests/web/test_shell_action_link_css.py .                                [ 91%]
tests/web/test_shell_no_empty_white_bars.py ..                           [ 91%]
tests/web/test_sidebar_hydration.py .............                        [ 91%]
tests/web/test_sidebar_nav_contract.py ..........                        [ 91%]
tests/web/test_sidebar_options.py .....                                  [ 91%]
tests/web/test_sidebar_state_contract.py .............                   [ 91%]
tests/web/test_sidebar_statistics.py ...                                 [ 91%]
tests/web/test_speaker_accent.py ......                                  [ 92%]
tests/web/test_speaker_id_page.py ...................................... [ 92%]
.........................                                                [ 92%]
tests/web/test_speakers_methodology_info.py .....                        [ 92%]
tests/web/test_speakers_page.py ......                                   [ 92%]
tests/web/test_state_unit.py ............                                [ 93%]
tests/web/test_statistics_service.py ........                            [ 93%]
tests/web/test_storage_cleanup_ui_contracts.py ..........                [ 93%]
tests/web/test_streamlit_watcher_noise.py ....                           [ 93%]
tests/web/test_subject_context.py ......                                 [ 93%]
tests/web/test_summary_extractors.py .......                             [ 93%]
tests/web/test_summary_extractors_new_modules.py ....                    [ 93%]
tests/web/test_summary_precedence.py ........                            [ 93%]
tests/web/test_summary_precedence_group.py ....                          [ 93%]
tests/web/test_summary_service.py .....                                  [ 93%]
tests/web/test_transcribe_audio_page.py .......                          [ 93%]
tests/web/test_transcript_context_resolver_edges.py ....                 [ 93%]
tests/web/test_transcript_page_refactor_contracts.py .........           [ 94%]
tests/web/test_transcript_page_segments_tooltip.py .                     [ 94%]
tests/web/test_transcript_page_speakers_tooltip.py ...                   [ 94%]
tests/web/test_transcript_view_state.py ..........                       [ 94%]
tests/web/test_upload_transcript_page.py ........                        [ 94%]
tests/web/test_utils_backward_compatibility.py .......                   [ 94%]
tests/web/blocks/test_availability.py .....                              [ 94%]
tests/web/blocks/test_composition_minimal_run.py ..                      [ 94%]
tests/web/blocks/test_data_preview.py ..                                 [ 94%]
tests/web/blocks/test_group_aware_insights.py .......                    [ 94%]
tests/web/blocks/test_group_content.py ......                            [ 94%]
tests/web/blocks/test_layout_picker.py ...                               [ 94%]
tests/web/blocks/test_llm_presentation.py .........................      [ 95%]
tests/web/blocks/test_loader.py ...                                      [ 95%]
tests/web/blocks/test_module_metrics.py ..                               [ 95%]
tests/web/blocks/test_overview_curated_helpers.py ...........            [ 95%]
tests/web/blocks/test_registry.py ....                                   [ 95%]
tests/web/blocks/test_subview_slice_filter.py ...                        [ 95%]
tests/web/config/test_semantic_v2_settings_registry.py ....              [ 95%]
tests/web/layouts/test_layout_store.py .........                         [ 95%]
tests/web/services/test_artifact_index.py .........                      [ 95%]
tests/web/services/test_artifact_service_group_edges.py .....            [ 95%]
tests/web/services/test_fingerprint_rename_stability.py ..               [ 95%]
tests/web/services/test_run_cleanup_acceptance.py ......F..........      [ 95%]
tests/web/services/test_run_cleanup_bulk_depth.py ..............         [ 96%]
tests/web/services/test_run_cleanup_capacity.py .....                    [ 96%]
tests/web/services/test_run_cleanup_compare_session.py ..............    [ 96%]
tests/web/services/test_run_cleanup_discovery.py ............F           [ 96%]
tests/web/services/test_run_cleanup_finalization.py ...                  [ 96%]
tests/web/services/test_run_cleanup_import_graph.py ..                   [ 96%]
tests/web/services/test_run_cleanup_journal.py ......................... [ 96%]
.......                                                                  [ 97%]
tests/web/services/test_run_cleanup_journal_ops.py .......               [ 97%]
tests/web/services/test_run_cleanup_journal_rmw_lock.py ...              [ 97%]
tests/web/services/test_run_cleanup_path_helpers.py ........             [ 97%]
tests/web/services/test_run_cleanup_physical_handles.py ..........       [ 97%]
tests/web/services/test_run_cleanup_recoverability.py ...........F...... [ 97%]
.....F.....                                                              [ 97%]
tests/web/services/test_run_cleanup_release_blockers.py ................ [ 97%]
......                                                                   [ 98%]
tests/web/services/test_run_cleanup_root_validator.py ....               [ 98%]
tests/web/services/test_run_cleanup_runtime.py ....                      [ 98%]
tests/web/services/test_run_cleanup_version_dispatch.py ...........      [ 98%]
tests/web/services/test_run_index_group_scope.py ..                      [ 98%]
tests/web/services/test_run_index_newest_key_characterization.py ....    [ 98%]
tests/web/services/test_run_performance_service.py .....                 [ 98%]
tests/web/services/test_subject_service_group.py ...                     [ 98%]
tests/web/services/run_cleanup_adversarial/test_adversarial_fs.py ...... [ 98%]
                                                                         [ 98%]
tests/web/services/run_cleanup_adversarial/test_dir_fsync_outcomes.py .. [ 98%]
...                                                                      [ 98%]
tests/web/services/run_cleanup_characterisation/test_fault_points.py ... [ 98%]
.                                                                        [ 98%]
tests/web/services/run_cleanup_characterisation/test_goldens.py ...      [ 98%]
tests/web/services/run_cleanup_characterisation/test_newest_run_sort_key.py . [ 98%]
...                                                                      [ 98%]
tests/web/services/run_cleanup_characterisation/test_ordering.py .       [ 98%]
tests/web/services/run_cleanup_characterisation/test_plan_snapshots.py . [ 98%]
.                                                                        [ 98%]
tests/web/services/run_cleanup_characterisation/test_public_api.py ....  [ 98%]
tests/web/services/run_cleanup_characterisation/test_retry_and_pending.py . [ 98%]
.                                                                        [ 98%]
tests/web/services/run_cleanup_characterisation/test_side_effect_parity.py . [ 98%]
..                                                                       [ 98%]
tests/web/transcript_viewer/test_chapters.py .........                   [ 99%]
tests/web/transcript_viewer/test_downloads_view.py ..                    [ 99%]
tests/web/transcript_viewer/test_group_browser_view.py .                 [ 99%]
tests/web/transcript_viewer/test_highlight.py ....                       [ 99%]
tests/web/transcript_viewer/test_metadata_helpers.py ..                  [ 99%]
tests/web/transcript_viewer/test_modules_panel.py .                      [ 99%]
tests/web/transcript_viewer/test_modules_panel_view.py .                 [ 99%]
tests/web/transcript_viewer/test_playback_lifecycle.py .........         [ 99%]
tests/web/transcript_viewer/test_playback_targets.py ...........         [ 99%]
tests/web/transcript_viewer/test_preflight.py .                          [ 99%]
tests/web/transcript_viewer/test_preflight_view.py .                     [ 99%]
tests/web/transcript_viewer/test_segments_grouping.py ...                [ 99%]
tests/web/transcript_viewer/test_segments_timestamp.py ...               [ 99%]
tests/web/transcript_viewer/test_transcript_playback.py ................ [ 99%]
.....................                                                    [100%]

=================================== FAILURES ===================================
/Users/89298/Documents/transcriptx/tests/analysis/test_emotion.py:57: AssertionError: assert False is True
/Users/89298/Documents/transcriptx/tests/analysis/test_emotion.py:82: AssertionError: assert False is True
/Users/89298/Documents/transcriptx/tests/analysis/test_emotion.py:100: AssertionError: assert False is True
/Users/89298/Documents/transcriptx/tests/analysis/test_emotion.py:117: AssertionError: assert False is True
/Users/89298/Documents/transcriptx/tests/analysis/test_emotion.py:136: AssertionError: assert 'nrc_emotion' in {'end': 2.0, 'id': '1', 'speaker': 'Alice', 'speaker_db_id': 1, ...}
/workspace/tests/contracts/test_emotion_contracts.py:58: AssertionError: assert 'compatibility_fingerprint' in {'_canonical_rows': [], '_pending_projections': [], 'all_scores': {}, 'artifact_generation_id': '2a13266c6d3e4a8cad24b2fa3b650df4', ...}
/Users/89298/Documents/transcriptx/tests/contracts/test_manifest_contracts.py:47: AssertionError: assert {'artifacts':... 1, ...}, ...} == {'artifacts':... 1, ...}, ...}
/opt/venv/lib/python3.10/site-packages/speechbrain/utils/importutils.py:103: ImportError: Lazy import of LazyModule(package=None, target=speechbrain.integrations.k2_fsa, loaded=False) failed
/workspace/tests/core/config/test_pydantic_bridge_drift.py:112: AssertionError: output.base_output_dir: {'key': 'output.base_output_dir', 'path': 'output.base_output_dir', 'type': 'str', 'default': '/mnt/outputs', 'min': None, 'max': None, 'choices': None, 'description': '', 'scope': 'project', 'sensitivity': 'normal', 'category': 'output', 'advanced': False} != {'advanced': False, 'category': 'output', 'choices': None, 'default': '/Users/89298/Documents/transcriptx/.test_outputs', 'description': '', 'key': 'output.base_output_dir', 'max': None, 'min': None, 'path': 'output.base_output_dir', 'scope': 'project', 'sensitivity': 'normal', 'type': 'str'}
/workspace/tests/core/config/test_pydantic_bridge_drift.py:179: AssertionError: output: defaults drift
/workspace/tests/core/utils/test_config.py:200: assert False is True
/workspace/tests/core/utils/test_file_rename_unit.py:247: AssertionError: assert PosixPath('/mnt/recordings/250612_CSE2.mp3') == PosixPath('/tmp/pytest-of-transcriptx/pytest-0/test_finds_audio_by_stripped_c0/recordings/250612_CSE2.wav')
/workspace/tests/core/utils/test_path_settings.py:106: AssertionError: assert PosixPath('/mnt/recordings/imports') in (PosixPath('/recordings/imports'), PosixPath('/data/recordings/imports'))
/workspace/tests/release/test_docs_scaffolds_0_9_5.py:40: AssertionError: Traceback (most recent call last):
/usr/local/lib/python3.10/subprocess.py:1863: FileNotFoundError: [Errno 2] No such file or directory: 'git'
/usr/local/lib/python3.10/subprocess.py:1863: FileNotFoundError: [Errno 2] No such file or directory: 'git'
/usr/local/lib/python3.10/subprocess.py:1863: FileNotFoundError: [Errno 2] No such file or directory: 'git'
/workspace/tests/services/transcription/test_whispermlx_provider.py:318: AssertionError: assert PosixPath('/tmp/pytest-of-transcriptx/pytest-0/test_json_discovery_newest_sin0/out/old.json') == PosixPath('/tmp/pytest-of-transcriptx/pytest-0/test_json_discovery_newest_sin0/out/new.json')
/workspace/tests/unit/test_affect_family_release_matrix.py:1924: assert False is True
/workspace/tests/unit/test_affect_lexical_pipeline.py:132: AssertionError: assert 'skipped' == 'complete'
/workspace/tests/unit/test_affect_module_init.py:34: assert 0 > 100
/workspace/tests/unit/test_affect_module_init.py:60: assert False is True
/workspace/tests/unit/test_affect_module_init.py:78: AssertionError: assert 0.0 > 0
/workspace/tests/unit/test_affect_module_init.py:95: AssertionError: assert 'nrc_emotion' in {'end': 1, 'id': '1', 'speaker': 'Alice', 'start': 0, ...}
/workspace/tests/unit/emotion_family_char/harness.py:218: AssertionError: characterization drift for contextual_success
/workspace/tests/unit/emotion_family_char/harness.py:218: AssertionError: characterization drift for contextual_empty
/workspace/tests/unit/emotion_family_char/harness.py:218: AssertionError: characterization drift for contextual_mixed_language
/workspace/tests/unit/emotion_family_char/harness.py:218: AssertionError: characterization drift for contextual_cache_miss
/workspace/tests/unit/emotion_family_char/harness.py:218: AssertionError: characterization drift for contextual_whitespace_en
/workspace/tests/unit/emotion_family_char/harness.py:218: AssertionError: characterization drift for fine_grained_success
/workspace/tests/unit/emotion_family_char/harness.py:218: AssertionError: characterization drift for fine_grained_empty
/workspace/tests/unit/emotion_family_char/harness.py:218: AssertionError: characterization drift for fine_grained_mixed_language
/workspace/tests/unit/emotion_family_char/harness.py:218: AssertionError: characterization drift for fine_grained_cache_miss
/workspace/tests/unit/emotion_family_char/harness.py:218: AssertionError: characterization drift for fine_grained_whitespace_en
/workspace/tests/unit/emotion_family_char/harness.py:218: AssertionError: characterization drift for lexical_success
/workspace/tests/unit/emotion_family_char/harness.py:218: AssertionError: characterization drift for lexical_empty
/workspace/tests/unit/emotion_family_char/harness.py:218: AssertionError: characterization drift for lexical_mixed_language
/workspace/tests/unit/emotion_family_char/harness.py:218: AssertionError: characterization drift for lexical_cache_miss
/workspace/tests/unit/emotion_family_char/harness.py:218: AssertionError: characterization drift for lexical_preflight_failed
/workspace/tests/unit/emotion_family_char/harness.py:218: AssertionError: characterization drift for lexical_invalid_segment_ids
/workspace/tests/unit/emotion_family_char/harness.py:218: AssertionError: characterization drift for lexical_whitespace_en
/workspace/tests/web/test_navigation_contracts.py:163: AssertionError: sessions must not load until resolver is called
/workspace/tests/web/services/test_run_cleanup_acceptance.py:282: assert 0 == 1
/workspace/tests/web/services/test_run_cleanup_discovery.py:304: AssertionError: assert '0854b39d6c1657e88e231ceab77794c420772f8dfa42c6f5127a0e03ffe91ebc' != '0854b39d6c1657e88e231ceab77794c420772f8dfa42c6f5127a0e03ffe91ebc'
/workspace/tests/web/services/test_run_cleanup_recoverability.py:468: assert False
/workspace/tests/web/services/test_run_cleanup_recoverability.py:777: Failed: DID NOT RAISE <class 'transcriptx.web.services.run_cleanup.staging.StagingUnsafeError'>
=============================== warnings summary ===============================
tests/contracts/test_topic_modeling_contracts.py::TestTopicModelingContracts::test_topic_modeling_empty_segments_output_contract
  /Users/89298/Documents/transcriptx/tests/contracts/test_topic_modeling_contracts.py:76: UserWarning: Topic modeling fell back to segment-level text because insight_eligibility windows were missing or empty; canonical runs should supply eligibility.

tests/contracts/test_topic_modeling_contracts.py::TestTopicModelingContracts::test_topic_modeling_insufficient_segments_output_contract
  /Users/89298/Documents/transcriptx/tests/contracts/test_topic_modeling_contracts.py:100: UserWarning: Topic modeling fell back to segment-level text because insight_eligibility windows were missing or empty; canonical runs should supply eligibility.

tests/contracts/test_topic_modeling_contracts.py::TestTopicModelingContracts::test_topic_modeling_success_output_contract
  /Users/89298/Documents/transcriptx/tests/contracts/test_topic_modeling_contracts.py:184: UserWarning: Topic modeling fell back to segment-level text because insight_eligibility windows were missing or empty; canonical runs should supply eligibility.

tests/contracts/test_topic_modeling_contracts.py::TestTopicModelingContracts::test_topic_modeling_dependency_error_contract
  /workspace/src/transcriptx/core/analysis/base.py:183: UserWarning: Topic modeling fell back to segment-level text because insight_eligibility windows were missing or empty; canonical runs should supply eligibility.
    results = self.analyze(segments)

tests/core/analysis/llm_custom_qa/test_plan_coverage.py::test_normalize_property_dedupe_and_limits
  /opt/venv/lib/python3.10/site-packages/hypothesis/_settings.py:847: HypothesisWarning: The database setting is not configured, and the default location is unusable - falling back to an in-memory database for this session.  path=PosixPath('/workspace/.hypothesis/examples')
    self._fallback.database if self._database is not_set else self._database

tests/core/analysis/llm_custom_qa/test_plan_coverage.py::test_normalize_property_dedupe_and_limits
  /opt/venv/lib/python3.10/site-packages/hypothesis/internal/conjecture/providers.py:367: UserWarning: Module 'speechbrain.pretrained' was deprecated, redirecting to 'speechbrain.inference'. Please update your script. This is a change from SpeechBrain 1.0. See: https://github.com/speechbrain/speechbrain/releases/tag/v1.0.0
    module_file := getattr(module, "__file__", None)

-- Docs: https://docs.pytest.org/en/stable/how-to/capture-warnings.html
=========================== short test summary info ============================
SKIPPED [1] tests/contracts/test_speaker_profiles_voice_stage2.py:62: speechbrain installed in this environment
SKIPPED [1] tests/packaging/test_bertopic_boundary.py:60: bertopic extra installed in this environment
SKIPPED [1] tests/regression/test_pipeline_determinism.py:303: Requires full pipeline setup with transcript file
SKIPPED [1] tests/release/test_docs_scaffolds_0_9_5.py:130: could not import 'sphinx': No module named 'sphinx'
SKIPPED [1] tests/unit/test_path_canonical.py:53: case normalisation only on case-insensitive platforms
FAILED tests/analysis/test_emotion.py::TestEmotionAnalysisModule::test_emotion_analysis_basic
FAILED tests/analysis/test_emotion.py::TestEmotionAnalysisModule::test_emotion_analysis_happy_text
FAILED tests/analysis/test_emotion.py::TestEmotionAnalysisModule::test_emotion_analysis_angry_text
FAILED tests/analysis/test_emotion.py::TestEmotionAnalysisModule::test_emotion_analysis_sad_text
FAILED tests/analysis/test_emotion.py::TestEmotionAnalysisModule::test_projections_apply_only_after_persist
FAILED tests/contracts/test_emotion_contracts.py::TestEmotionLexicalContracts::test_emotion_output_contract
FAILED tests/contracts/test_manifest_contracts.py::test_output_manifest_snapshot
FAILED tests/core/analysis/llm_custom_qa/test_plan_coverage.py::test_normalize_property_dedupe_and_limits
FAILED tests/core/config/test_pydantic_bridge_drift.py::test_pydantic_pilot_registry_matches_golden_fixtures
FAILED tests/core/config/test_pydantic_bridge_drift.py::test_pydantic_pilot_defaults_match_golden_fixtures
FAILED tests/core/utils/test_config.py::TestTranscriptXConfigClass::test_install_profile_core_or_empty_keeps_core_mode_true
FAILED tests/core/utils/test_file_rename_unit.py::TestFindOriginalAudioFile::test_finds_audio_by_stripped_copy_suffix_when_transcript_renamed
FAILED tests/core/utils/test_path_settings.py::TestEnvOverride::test_mounted_library_dirs_separate_from_data
FAILED tests/release/test_docs_scaffolds_0_9_5.py::test_hygiene_strict_subset_root_and_banners_passes
FAILED tests/release/test_docs_scaffolds_0_9_5.py::test_hygiene_no_live_owner_absolute_paths
FAILED tests/release/test_wave0_release_hygiene.py::test_tracked_data_allowlist_matches_git_ls_files
FAILED tests/release/test_wave0_release_hygiene.py::test_denylist_passes_on_current_repo
FAILED tests/services/transcription/test_whispermlx_provider.py::test_json_discovery_newest_since_started_at
FAILED tests/unit/test_affect_family_release_matrix.py::test_06b_analyze_defers_owned_fields_until_pending_applied
FAILED tests/unit/test_affect_lexical_pipeline.py::test_emotion_module_no_context_fill
FAILED tests/unit/test_affect_module_init.py::test_build_lexicon_nonempty - a...
FAILED tests/unit/test_affect_module_init.py::test_analyze_sets_nrc_not_context
FAILED tests/unit/test_affect_module_init.py::test_compute_nrc_emotions_helper
FAILED tests/unit/test_affect_module_init.py::test_save_results_writes_summary
FAILED tests/unit/test_emotion_family_characterization.py::test_char_contextual_success
FAILED tests/unit/test_emotion_family_characterization.py::test_char_contextual_empty
FAILED tests/unit/test_emotion_family_characterization.py::test_char_contextual_mixed_language
FAILED tests/unit/test_emotion_family_characterization.py::test_char_contextual_cache_miss_then_hit
FAILED tests/unit/test_emotion_family_characterization.py::test_char_contextual_whitespace_and_missing
FAILED tests/unit/test_emotion_family_characterization.py::test_char_fine_grained_success
FAILED tests/unit/test_emotion_family_characterization.py::test_char_fine_grained_empty
FAILED tests/unit/test_emotion_family_characterization.py::test_char_fine_grained_mixed_language
FAILED tests/unit/test_emotion_family_characterization.py::test_char_fine_grained_cache_miss_then_hit
FAILED tests/unit/test_emotion_family_characterization.py::test_char_fine_grained_whitespace_and_missing
FAILED tests/unit/test_emotion_family_characterization.py::test_char_lexical_success
FAILED tests/unit/test_emotion_family_characterization.py::test_char_lexical_empty
FAILED tests/unit/test_emotion_family_characterization.py::test_char_lexical_mixed_language
FAILED tests/unit/test_emotion_family_characterization.py::test_char_lexical_cache_miss_then_hit
FAILED tests/unit/test_emotion_family_characterization.py::test_char_lexical_preflight_failed
FAILED tests/unit/test_emotion_family_characterization.py::test_char_lexical_invalid_segment_ids
FAILED tests/unit/test_emotion_family_characterization.py::test_char_lexical_whitespace_and_missing
FAILED tests/web/test_navigation_contracts.py::test_make_session_path_resolver_is_lazy
FAILED tests/web/services/test_run_cleanup_acceptance.py::TestCleanupRaces::test_concurrent_handle_claim
FAILED tests/web/services/test_run_cleanup_discovery.py::TestPlanBuilder::test_signature_changes_when_fingerprint_changes
FAILED tests/web/services/test_run_cleanup_recoverability.py::TestRetryReconcileMatrix::test_staged_identity_mismatch_refuses
FAILED tests/web/services/test_run_cleanup_recoverability.py::TestDescriptorRename::test_subject_entry_identity_mismatch_refuses
= 46 failed, 7772 passed, 5 skipped, 178 deselected, 6 warnings in 194.75s (0:03:14) =
